<?xml version="1.0" encoding="UTF-8"?>
<coverage generated="1628781668553" clover="3.2.0">
  <project timestamp="1628781668553" name="All files">
    <metrics statements="113" coveredstatements="72" conditionals="54" coveredconditionals="26" methods="21" coveredmethods="15" elements="188" coveredelements="113" complexity="0" loc="113" ncloc="113" packages="1" files="2" classes="2"/>
    <file name="eventemitter.ts" path="D:\programming\ts\myplugin\ts-src\eventemitter.ts">
      <metrics statements="16" coveredstatements="2" conditionals="14" coveredconditionals="2" methods="4" coveredmethods="1"/>
      <line num="12" count="0" type="cond" truecount="0" falsecount="2"/>
      <line num="13" count="0" type="cond" truecount="0" falsecount="2"/>
      <line num="14" count="0" type="stmt"/>
      <line num="16" count="0" type="stmt"/>
      <line num="20" count="0" type="cond" truecount="0" falsecount="2"/>
      <line num="21" count="0" type="cond" truecount="0" falsecount="2"/>
      <line num="22" count="0" type="stmt"/>
      <line num="23" count="0" type="cond" truecount="0" falsecount="2"/>
      <line num="24" count="0" type="stmt"/>
      <line num="35" count="11" type="cond" truecount="2" falsecount="2"/>
      <line num="36" count="11" type="stmt"/>
      <line num="39" count="0" type="stmt"/>
      <line num="40" count="0" type="stmt"/>
      <line num="42" count="0" type="stmt"/>
      <line num="43" count="0" type="stmt"/>
      <line num="45" count="0" type="stmt"/>
    </file>
    <file name="model.ts" path="D:\programming\ts\myplugin\ts-src\model.ts">
      <metrics statements="97" coveredstatements="70" conditionals="40" coveredconditionals="24" methods="17" coveredmethods="14"/>
      <line num="4" count="14" type="stmt"/>
      <line num="5" count="14" type="stmt"/>
      <line num="64" count="17" type="stmt"/>
      <line num="70" count="17" type="stmt"/>
      <line num="71" count="17" type="stmt"/>
      <line num="82" count="17" type="stmt"/>
      <line num="113" count="17" type="stmt"/>
      <line num="114" count="17" type="stmt"/>
      <line num="115" count="17" type="stmt"/>
      <line num="119" count="21" type="cond" truecount="2" falsecount="0"/>
      <line num="120" count="18" type="stmt"/>
      <line num="121" count="0" type="cond" truecount="0" falsecount="2"/>
      <line num="122" count="0" type="stmt"/>
      <line num="124" count="0" type="stmt"/>
      <line num="128" count="21" type="stmt"/>
      <line num="131" count="25" type="stmt"/>
      <line num="132" count="25" type="stmt"/>
      <line num="134" count="25" type="stmt"/>
      <line num="136" count="25" type="cond" truecount="1" falsecount="1"/>
      <line num="137" count="25" type="stmt"/>
      <line num="138" count="0" type="cond" truecount="0" falsecount="2"/>
      <line num="139" count="0" type="stmt"/>
      <line num="141" count="25" type="stmt"/>
      <line num="144" count="25" type="stmt"/>
      <line num="149" count="25" type="cond" truecount="1" falsecount="1"/>
      <line num="153" count="0" type="stmt"/>
      <line num="155" count="25" type="cond" truecount="2" falsecount="0"/>
      <line num="159" count="17" type="stmt"/>
      <line num="166" count="12" type="stmt"/>
      <line num="167" count="12" type="stmt"/>
      <line num="168" count="12" type="stmt"/>
      <line num="169" count="12" type="stmt"/>
      <line num="170" count="12" type="cond" truecount="2" falsecount="0"/>
      <line num="171" count="11" type="cond" truecount="2" falsecount="0"/>
      <line num="172" count="1" type="stmt"/>
      <line num="173" count="1" type="stmt"/>
      <line num="174" count="10" type="cond" truecount="2" falsecount="0"/>
      <line num="175" count="2" type="stmt"/>
      <line num="176" count="2" type="stmt"/>
      <line num="178" count="11" type="stmt"/>
      <line num="180" count="1" type="stmt"/>
      <line num="185" count="42" type="stmt"/>
      <line num="186" count="42" type="stmt"/>
      <line num="187" count="42" type="stmt"/>
      <line num="188" count="42" type="stmt"/>
      <line num="189" count="42" type="stmt"/>
      <line num="191" count="42" type="cond" truecount="1" falsecount="1"/>
      <line num="192" count="0" type="stmt"/>
      <line num="193" count="0" type="stmt"/>
      <line num="194" count="42" type="cond" truecount="1" falsecount="1"/>
      <line num="195" count="42" type="stmt"/>
      <line num="196" count="42" type="stmt"/>
      <line num="198" count="42" type="stmt"/>
      <line num="199" count="42" type="stmt"/>
      <line num="200" count="252" type="stmt"/>
      <line num="203" count="42" type="cond" truecount="1" falsecount="1"/>
      <line num="204" count="0" type="stmt"/>
      <line num="205" count="0" type="stmt"/>
      <line num="207" count="42" type="cond" truecount="1" falsecount="1"/>
      <line num="208" count="0" type="stmt"/>
      <line num="210" count="0" type="stmt"/>
      <line num="213" count="0" type="stmt"/>
      <line num="215" count="0" type="stmt"/>
      <line num="217" count="0" type="cond" truecount="0" falsecount="2"/>
      <line num="218" count="0" type="stmt"/>
      <line num="219" count="0" type="stmt"/>
      <line num="226" count="14" type="cond" truecount="1" falsecount="1"/>
      <line num="227" count="14" type="stmt"/>
      <line num="228" count="0" type="cond" truecount="0" falsecount="2"/>
      <line num="229" count="0" type="stmt"/>
      <line num="232" count="14" type="stmt"/>
      <line num="236" count="14" type="stmt"/>
      <line num="244" count="12" type="cond" truecount="2" falsecount="0"/>
      <line num="245" count="1" type="stmt"/>
      <line num="247" count="11" type="stmt"/>
      <line num="251" count="12" type="stmt"/>
      <line num="252" count="12" type="stmt"/>
      <line num="253" count="12" type="stmt"/>
      <line num="254" count="12" type="stmt"/>
      <line num="255" count="12" type="cond" truecount="2" falsecount="0"/>
      <line num="256" count="11" type="stmt"/>
      <line num="257" count="11" type="stmt"/>
      <line num="259" count="1" type="stmt"/>
      <line num="263" count="4" type="stmt"/>
      <line num="264" count="4" type="stmt"/>
      <line num="268" count="1" type="stmt"/>
      <line num="271" count="5" type="stmt"/>
      <line num="275" count="0" type="stmt"/>
      <line num="279" count="1" type="stmt"/>
      <line num="283" count="1" type="stmt"/>
      <line num="286" count="0" type="stmt"/>
      <line num="288" count="0" type="stmt"/>
      <line num="290" count="0" type="stmt"/>
      <line num="291" count="0" type="stmt"/>
      <line num="293" count="0" type="stmt"/>
      <line num="294" count="0" type="stmt"/>
      <line num="296" count="0" type="stmt"/>
    </file>
  </project>
</coverage>
