{"D:\\programming\\ts\\myplugin\\ts-src\\app.ts": {"path":"D:\\programming\\ts\\myplugin\\ts-src\\app.ts","statementMap":{"0":{"start":{"line":9,"column":4},"end":{"line":9,"column":22}},"1":{"start":{"line":10,"column":4},"end":{"line":10,"column":43}},"2":{"start":{"line":12,"column":4},"end":{"line":12,"column":62}},"3":{"start":{"line":13,"column":4},"end":{"line":13,"column":53}},"4":{"start":{"line":15,"column":4},"end":{"line":15,"column":35}},"5":{"start":{"line":16,"column":4},"end":{"line":16,"column":22}},"6":{"start":{"line":18,"column":4},"end":{"line":18,"column":29}},"7":{"start":{"line":21,"column":4},"end":{"line":25,"column":5}},"8":{"start":{"line":22,"column":6},"end":{"line":22,"column":55}},"9":{"start":{"line":23,"column":11},"end":{"line":25,"column":5}},"10":{"start":{"line":24,"column":6},"end":{"line":24,"column":53}},"11":{"start":{"line":26,"column":4},"end":{"line":26,"column":22}},"12":{"start":{"line":27,"column":4},"end":{"line":27,"column":29}},"13":{"start":{"line":30,"column":4},"end":{"line":34,"column":5}},"14":{"start":{"line":31,"column":6},"end":{"line":31,"column":63}},"15":{"start":{"line":33,"column":6},"end":{"line":33,"column":59}},"16":{"start":{"line":37,"column":4},"end":{"line":41,"column":5}},"17":{"start":{"line":38,"column":6},"end":{"line":38,"column":63}},"18":{"start":{"line":40,"column":6},"end":{"line":40,"column":59}},"19":{"start":{"line":44,"column":4},"end":{"line":52,"column":5}},"20":{"start":{"line":45,"column":6},"end":{"line":47,"column":9}},"21":{"start":{"line":46,"column":8},"end":{"line":46,"column":36}},"22":{"start":{"line":49,"column":6},"end":{"line":51,"column":9}},"23":{"start":{"line":50,"column":8},"end":{"line":50,"column":32}},"24":{"start":{"line":55,"column":4},"end":{"line":64,"column":5}},"25":{"start":{"line":56,"column":6},"end":{"line":60,"column":7}},"26":{"start":{"line":57,"column":8},"end":{"line":57,"column":46}},"27":{"start":{"line":58,"column":8},"end":{"line":58,"column":31}},"28":{"start":{"line":59,"column":8},"end":{"line":59,"column":33}},"29":{"start":{"line":62,"column":6},"end":{"line":62,"column":44}},"30":{"start":{"line":63,"column":6},"end":{"line":63,"column":32}},"31":{"start":{"line":67,"column":4},"end":{"line":67,"column":39}},"32":{"start":{"line":70,"column":4},"end":{"line":70,"column":41}},"33":{"start":{"line":71,"column":4},"end":{"line":71,"column":41}},"34":{"start":{"line":74,"column":4},"end":{"line":74,"column":22}},"35":{"start":{"line":75,"column":4},"end":{"line":75,"column":29}},"36":{"start":{"line":78,"column":4},"end":{"line":82,"column":5}},"37":{"start":{"line":79,"column":6},"end":{"line":79,"column":18}},"38":{"start":{"line":81,"column":6},"end":{"line":81,"column":19}},"39":{"start":{"line":85,"column":4},"end":{"line":85,"column":50}},"40":{"start":{"line":86,"column":4},"end":{"line":86,"column":22}},"41":{"start":{"line":87,"column":4},"end":{"line":87,"column":29}},"42":{"start":{"line":90,"column":4},"end":{"line":91,"column":5}},"43":{"start":{"line":94,"column":20},"end":{"line":94,"column":34}},"44":{"start":{"line":95,"column":17},"end":{"line":95,"column":27}},"45":{"start":{"line":96,"column":17},"end":{"line":96,"column":30}},"46":{"start":{"line":97,"column":16},"end":{"line":97,"column":39}},"47":{"start":{"line":98,"column":4},"end":{"line":104,"column":5}},"48":{"start":{"line":99,"column":25},"end":{"line":102,"column":46}},"49":{"start":{"line":103,"column":6},"end":{"line":103,"column":34}}},"fnMap":{"0":{"name":"(anonymous_0)","decl":{"start":{"line":8,"column":2},"end":{"line":8,"column":3}},"loc":{"start":{"line":8,"column":50},"end":{"line":19,"column":3}},"line":8},"1":{"name":"(anonymous_1)","decl":{"start":{"line":20,"column":2},"end":{"line":20,"column":3}},"loc":{"start":{"line":20,"column":16},"end":{"line":28,"column":3}},"line":20},"2":{"name":"(anonymous_2)","decl":{"start":{"line":29,"column":2},"end":{"line":29,"column":3}},"loc":{"start":{"line":29,"column":32},"end":{"line":35,"column":3}},"line":29},"3":{"name":"(anonymous_3)","decl":{"start":{"line":36,"column":2},"end":{"line":36,"column":3}},"loc":{"start":{"line":36,"column":30},"end":{"line":42,"column":3}},"line":36},"4":{"name":"(anonymous_4)","decl":{"start":{"line":43,"column":2},"end":{"line":43,"column":3}},"loc":{"start":{"line":43,"column":30},"end":{"line":53,"column":3}},"line":43},"5":{"name":"(anonymous_5)","decl":{"start":{"line":45,"column":60},"end":{"line":45,"column":61}},"loc":{"start":{"line":45,"column":70},"end":{"line":47,"column":7}},"line":45},"6":{"name":"(anonymous_6)","decl":{"start":{"line":49,"column":60},"end":{"line":49,"column":61}},"loc":{"start":{"line":49,"column":70},"end":{"line":51,"column":7}},"line":49},"7":{"name":"(anonymous_7)","decl":{"start":{"line":54,"column":2},"end":{"line":54,"column":3}},"loc":{"start":{"line":54,"column":32},"end":{"line":65,"column":3}},"line":54},"8":{"name":"(anonymous_8)","decl":{"start":{"line":66,"column":2},"end":{"line":66,"column":3}},"loc":{"start":{"line":66,"column":48},"end":{"line":68,"column":3}},"line":66},"9":{"name":"(anonymous_9)","decl":{"start":{"line":69,"column":2},"end":{"line":69,"column":3}},"loc":{"start":{"line":69,"column":45},"end":{"line":76,"column":3}},"line":69},"10":{"name":"(anonymous_10)","decl":{"start":{"line":77,"column":2},"end":{"line":77,"column":3}},"loc":{"start":{"line":77,"column":19},"end":{"line":83,"column":3}},"line":77},"11":{"name":"(anonymous_11)","decl":{"start":{"line":84,"column":2},"end":{"line":84,"column":3}},"loc":{"start":{"line":84,"column":23},"end":{"line":88,"column":3}},"line":84},"12":{"name":"(anonymous_12)","decl":{"start":{"line":89,"column":2},"end":{"line":89,"column":3}},"loc":{"start":{"line":89,"column":34},"end":{"line":92,"column":3}},"line":89},"13":{"name":"(anonymous_13)","decl":{"start":{"line":93,"column":2},"end":{"line":93,"column":3}},"loc":{"start":{"line":93,"column":29},"end":{"line":105,"column":3}},"line":93}},"branchMap":{"0":{"loc":{"start":{"line":21,"column":4},"end":{"line":25,"column":5}},"type":"if","locations":[{"start":{"line":21,"column":4},"end":{"line":25,"column":5}},{"start":{"line":21,"column":4},"end":{"line":25,"column":5}}],"line":21},"1":{"loc":{"start":{"line":23,"column":11},"end":{"line":25,"column":5}},"type":"if","locations":[{"start":{"line":23,"column":11},"end":{"line":25,"column":5}},{"start":{"line":23,"column":11},"end":{"line":25,"column":5}}],"line":23},"2":{"loc":{"start":{"line":30,"column":4},"end":{"line":34,"column":5}},"type":"if","locations":[{"start":{"line":30,"column":4},"end":{"line":34,"column":5}},{"start":{"line":30,"column":4},"end":{"line":34,"column":5}}],"line":30},"3":{"loc":{"start":{"line":37,"column":4},"end":{"line":41,"column":5}},"type":"if","locations":[{"start":{"line":37,"column":4},"end":{"line":41,"column":5}},{"start":{"line":37,"column":4},"end":{"line":41,"column":5}}],"line":37},"4":{"loc":{"start":{"line":44,"column":4},"end":{"line":52,"column":5}},"type":"if","locations":[{"start":{"line":44,"column":4},"end":{"line":52,"column":5}},{"start":{"line":44,"column":4},"end":{"line":52,"column":5}}],"line":44},"5":{"loc":{"start":{"line":55,"column":4},"end":{"line":64,"column":5}},"type":"if","locations":[{"start":{"line":55,"column":4},"end":{"line":64,"column":5}},{"start":{"line":55,"column":4},"end":{"line":64,"column":5}}],"line":55},"6":{"loc":{"start":{"line":56,"column":6},"end":{"line":60,"column":7}},"type":"if","locations":[{"start":{"line":56,"column":6},"end":{"line":60,"column":7}},{"start":{"line":56,"column":6},"end":{"line":60,"column":7}}],"line":56},"7":{"loc":{"start":{"line":78,"column":4},"end":{"line":82,"column":5}},"type":"if","locations":[{"start":{"line":78,"column":4},"end":{"line":82,"column":5}},{"start":{"line":78,"column":4},"end":{"line":82,"column":5}}],"line":78},"8":{"loc":{"start":{"line":90,"column":4},"end":{"line":91,"column":5}},"type":"if","locations":[{"start":{"line":90,"column":4},"end":{"line":91,"column":5}},{"start":{"line":90,"column":4},"end":{"line":91,"column":5}}],"line":90},"9":{"loc":{"start":{"line":98,"column":4},"end":{"line":104,"column":5}},"type":"if","locations":[{"start":{"line":98,"column":4},"end":{"line":104,"column":5}},{"start":{"line":98,"column":4},"end":{"line":104,"column":5}}],"line":98}},"s":{"0":1,"1":1,"2":1,"3":1,"4":1,"5":1,"6":0,"7":0,"8":0,"9":0,"10":0,"11":0,"12":0,"13":0,"14":0,"15":0,"16":0,"17":0,"18":0,"19":0,"20":0,"21":0,"22":0,"23":0,"24":0,"25":0,"26":0,"27":0,"28":0,"29":0,"30":0,"31":0,"32":0,"33":0,"34":0,"35":0,"36":0,"37":0,"38":0,"39":0,"40":0,"41":0,"42":0,"43":0,"44":0,"45":0,"46":0,"47":0,"48":0,"49":0},"f":{"0":1,"1":0,"2":0,"3":0,"4":0,"5":0,"6":0,"7":0,"8":0,"9":0,"10":0,"11":0,"12":0,"13":0},"b":{"0":[0,0],"1":[0,0],"2":[0,0],"3":[0,0],"4":[0,0],"5":[0,0],"6":[0,0],"7":[0,0],"8":[0,0],"9":[0,0]},"_coverageSchema":"1a1c01bbd47fc00a2c39e90264f33305004495a9","hash":"4746a0869c85d3e759c6347c07e525df90aa805d"}
,"D:\\programming\\ts\\myplugin\\ts-src\\eventemitter.ts": {"path":"D:\\programming\\ts\\myplugin\\ts-src\\eventemitter.ts","statementMap":{"0":{"start":{"line":12,"column":4},"end":{"line":12,"column":55}},"1":{"start":{"line":12,"column":30},"end":{"line":12,"column":55}},"2":{"start":{"line":13,"column":4},"end":{"line":15,"column":5}},"3":{"start":{"line":14,"column":6},"end":{"line":14,"column":42}},"4":{"start":{"line":16,"column":4},"end":{"line":16,"column":49}},"5":{"start":{"line":20,"column":21},"end":{"line":20,"column":74}},"6":{"start":{"line":21,"column":4},"end":{"line":21,"column":26}},"7":{"start":{"line":21,"column":19},"end":{"line":21,"column":26}},"8":{"start":{"line":22,"column":4},"end":{"line":26,"column":5}},"9":{"start":{"line":22,"column":17},"end":{"line":22,"column":18}},"10":{"start":{"line":23,"column":6},"end":{"line":25,"column":7}},"11":{"start":{"line":24,"column":8},"end":{"line":24,"column":32}},"12":{"start":{"line":35,"column":4},"end":{"line":37,"column":5}},"13":{"start":{"line":36,"column":6},"end":{"line":36,"column":13}},"14":{"start":{"line":39,"column":4},"end":{"line":44,"column":7}},"15":{"start":{"line":40,"column":21},"end":{"line":40,"column":48}},"16":{"start":{"line":42,"column":6},"end":{"line":42,"column":17}},"17":{"start":{"line":43,"column":6},"end":{"line":43,"column":20}},"18":{"start":{"line":45,"column":4},"end":{"line":45,"column":13}}},"fnMap":{"0":{"name":"(anonymous_0)","decl":{"start":{"line":11,"column":2},"end":{"line":11,"column":3}},"loc":{"start":{"line":11,"column":43},"end":{"line":17,"column":3}},"line":11},"1":{"name":"(anonymous_1)","decl":{"start":{"line":19,"column":2},"end":{"line":19,"column":3}},"loc":{"start":{"line":19,"column":44},"end":{"line":27,"column":3}},"line":19},"2":{"name":"(anonymous_2)","decl":{"start":{"line":33,"column":2},"end":{"line":33,"column":3}},"loc":{"start":{"line":33,"column":38},"end":{"line":46,"column":3}},"line":33},"3":{"name":"(anonymous_3)","decl":{"start":{"line":39,"column":43},"end":{"line":39,"column":44}},"loc":{"start":{"line":39,"column":56},"end":{"line":44,"column":5}},"line":39}},"branchMap":{"0":{"loc":{"start":{"line":12,"column":4},"end":{"line":12,"column":55}},"type":"if","locations":[{"start":{"line":12,"column":4},"end":{"line":12,"column":55}},{"start":{"line":12,"column":4},"end":{"line":12,"column":55}}],"line":12},"1":{"loc":{"start":{"line":13,"column":4},"end":{"line":15,"column":5}},"type":"if","locations":[{"start":{"line":13,"column":4},"end":{"line":15,"column":5}},{"start":{"line":13,"column":4},"end":{"line":15,"column":5}}],"line":13},"2":{"loc":{"start":{"line":20,"column":21},"end":{"line":20,"column":74}},"type":"binary-expr","locations":[{"start":{"line":20,"column":21},"end":{"line":20,"column":40}},{"start":{"line":20,"column":44},"end":{"line":20,"column":74}}],"line":20},"3":{"loc":{"start":{"line":21,"column":4},"end":{"line":21,"column":26}},"type":"if","locations":[{"start":{"line":21,"column":4},"end":{"line":21,"column":26}},{"start":{"line":21,"column":4},"end":{"line":21,"column":26}}],"line":21},"4":{"loc":{"start":{"line":23,"column":6},"end":{"line":25,"column":7}},"type":"if","locations":[{"start":{"line":23,"column":6},"end":{"line":25,"column":7}},{"start":{"line":23,"column":6},"end":{"line":25,"column":7}}],"line":23},"5":{"loc":{"start":{"line":35,"column":4},"end":{"line":37,"column":5}},"type":"if","locations":[{"start":{"line":35,"column":4},"end":{"line":37,"column":5}},{"start":{"line":35,"column":4},"end":{"line":37,"column":5}}],"line":35},"6":{"loc":{"start":{"line":35,"column":8},"end":{"line":35,"column":63}},"type":"binary-expr","locations":[{"start":{"line":35,"column":8},"end":{"line":35,"column":28}},{"start":{"line":35,"column":32},"end":{"line":35,"column":63}}],"line":35}},"s":{"0":4,"1":4,"2":4,"3":4,"4":4,"5":0,"6":0,"7":0,"8":0,"9":0,"10":0,"11":0,"12":11,"13":11,"14":0,"15":0,"16":0,"17":0,"18":0},"f":{"0":4,"1":0,"2":11,"3":0},"b":{"0":[4,0],"1":[4,0],"2":[0,0],"3":[0,0],"4":[0,0],"5":[11,0],"6":[11,0]},"_coverageSchema":"1a1c01bbd47fc00a2c39e90264f33305004495a9","hash":"9f356c9bc4554cc8e5721f7187e232b6def41c39"}
,"D:\\programming\\ts\\myplugin\\ts-src\\model.ts": {"path":"D:\\programming\\ts\\myplugin\\ts-src\\model.ts","statementMap":{"0":{"start":{"line":4,"column":17},"end":{"line":4,"column":34}},"1":{"start":{"line":5,"column":2},"end":{"line":5,"column":16}},"2":{"start":{"line":64,"column":46},"end":{"line":69,"column":3}},"3":{"start":{"line":70,"column":49},"end":{"line":70,"column":58}},"4":{"start":{"line":71,"column":27},"end":{"line":80,"column":3}},"5":{"start":{"line":82,"column":31},"end":{"line":111,"column":3}},"6":{"start":{"line":113,"column":4},"end":{"line":113,"column":12}},"7":{"start":{"line":114,"column":4},"end":{"line":114,"column":22}},"8":{"start":{"line":115,"column":4},"end":{"line":115,"column":30}},"9":{"start":{"line":119,"column":4},"end":{"line":127,"column":5}},"10":{"start":{"line":120,"column":6},"end":{"line":126,"column":9}},"11":{"start":{"line":121,"column":8},"end":{"line":125,"column":9}},"12":{"start":{"line":122,"column":10},"end":{"line":122,"column":52}},"13":{"start":{"line":124,"column":10},"end":{"line":124,"column":45}},"14":{"start":{"line":128,"column":4},"end":{"line":128,"column":26}},"15":{"start":{"line":131,"column":4},"end":{"line":131,"column":49}},"16":{"start":{"line":132,"column":4},"end":{"line":133,"column":56}},"17":{"start":{"line":134,"column":17},"end":{"line":134,"column":48}},"18":{"start":{"line":136,"column":4},"end":{"line":140,"column":5}},"19":{"start":{"line":137,"column":6},"end":{"line":137,"column":64}},"20":{"start":{"line":138,"column":11},"end":{"line":140,"column":5}},"21":{"start":{"line":139,"column":6},"end":{"line":139,"column":76}},"22":{"start":{"line":141,"column":4},"end":{"line":142,"column":64}},"23":{"start":{"line":144,"column":4},"end":{"line":144,"column":27}},"24":{"start":{"line":149,"column":4},"end":{"line":161,"column":5}},"25":{"start":{"line":153,"column":6},"end":{"line":154,"column":80}},"26":{"start":{"line":155,"column":11},"end":{"line":161,"column":5}},"27":{"start":{"line":159,"column":6},"end":{"line":160,"column":80}},"28":{"start":{"line":166,"column":16},"end":{"line":166,"column":38}},"29":{"start":{"line":167,"column":16},"end":{"line":167,"column":38}},"30":{"start":{"line":168,"column":21},"end":{"line":168,"column":44}},"31":{"start":{"line":169,"column":21},"end":{"line":169,"column":44}},"32":{"start":{"line":170,"column":4},"end":{"line":181,"column":5}},"33":{"start":{"line":171,"column":6},"end":{"line":177,"column":7}},"34":{"start":{"line":172,"column":8},"end":{"line":172,"column":24}},"35":{"start":{"line":173,"column":8},"end":{"line":173,"column":30}},"36":{"start":{"line":174,"column":13},"end":{"line":177,"column":7}},"37":{"start":{"line":175,"column":8},"end":{"line":175,"column":24}},"38":{"start":{"line":176,"column":8},"end":{"line":176,"column":30}},"39":{"start":{"line":178,"column":6},"end":{"line":178,"column":18}},"40":{"start":{"line":180,"column":6},"end":{"line":180,"column":19}},"41":{"start":{"line":185,"column":23},"end":{"line":185,"column":48}},"42":{"start":{"line":186,"column":23},"end":{"line":186,"column":48}},"43":{"start":{"line":187,"column":21},"end":{"line":187,"column":44}},"44":{"start":{"line":188,"column":15},"end":{"line":188,"column":16}},"45":{"start":{"line":189,"column":17},"end":{"line":189,"column":18}},"46":{"start":{"line":191,"column":4},"end":{"line":197,"column":5}},"47":{"start":{"line":192,"column":6},"end":{"line":192,"column":20}},"48":{"start":{"line":193,"column":6},"end":{"line":193,"column":40}},"49":{"start":{"line":194,"column":11},"end":{"line":197,"column":5}},"50":{"start":{"line":195,"column":6},"end":{"line":195,"column":20}},"51":{"start":{"line":196,"column":6},"end":{"line":196,"column":41}},"52":{"start":{"line":198,"column":4},"end":{"line":198,"column":33}},"53":{"start":{"line":199,"column":4},"end":{"line":201,"column":5}},"54":{"start":{"line":200,"column":6},"end":{"line":200,"column":31}},"55":{"start":{"line":203,"column":4},"end":{"line":206,"column":5}},"56":{"start":{"line":204,"column":6},"end":{"line":204,"column":33}},"57":{"start":{"line":205,"column":6},"end":{"line":205,"column":50}},"58":{"start":{"line":207,"column":4},"end":{"line":221,"column":5}},"59":{"start":{"line":208,"column":6},"end":{"line":208,"column":39}},"60":{"start":{"line":210,"column":6},"end":{"line":211,"column":78}},"61":{"start":{"line":213,"column":30},"end":{"line":213,"column":56}},"62":{"start":{"line":215,"column":6},"end":{"line":215,"column":46}},"63":{"start":{"line":217,"column":6},"end":{"line":220,"column":7}},"64":{"start":{"line":218,"column":8},"end":{"line":218,"column":67}},"65":{"start":{"line":219,"column":8},"end":{"line":219,"column":31}},"66":{"start":{"line":226,"column":4},"end":{"line":230,"column":5}},"67":{"start":{"line":227,"column":6},"end":{"line":227,"column":28}},"68":{"start":{"line":228,"column":11},"end":{"line":230,"column":5}},"69":{"start":{"line":229,"column":6},"end":{"line":229,"column":27}},"70":{"start":{"line":232,"column":6},"end":{"line":235,"column":33}},"71":{"start":{"line":236,"column":4},"end":{"line":239,"column":6}},"72":{"start":{"line":244,"column":4},"end":{"line":249,"column":5}},"73":{"start":{"line":245,"column":6},"end":{"line":245,"column":21}},"74":{"start":{"line":247,"column":6},"end":{"line":248,"column":78}},"75":{"start":{"line":251,"column":17},"end":{"line":251,"column":78}},"76":{"start":{"line":252,"column":4},"end":{"line":252,"column":28}},"77":{"start":{"line":253,"column":4},"end":{"line":253,"column":31}},"78":{"start":{"line":254,"column":4},"end":{"line":254,"column":32}},"79":{"start":{"line":255,"column":4},"end":{"line":258,"column":5}},"80":{"start":{"line":256,"column":6},"end":{"line":256,"column":50}},"81":{"start":{"line":257,"column":6},"end":{"line":257,"column":13}},"82":{"start":{"line":259,"column":4},"end":{"line":259,"column":11}},"83":{"start":{"line":263,"column":4},"end":{"line":263,"column":30}},"84":{"start":{"line":264,"column":4},"end":{"line":264,"column":26}},"85":{"start":{"line":268,"column":4},"end":{"line":268,"column":33}},"86":{"start":{"line":271,"column":4},"end":{"line":271,"column":41}},"87":{"start":{"line":275,"column":4},"end":{"line":275,"column":34}},"88":{"start":{"line":279,"column":4},"end":{"line":279,"column":26}},"89":{"start":{"line":283,"column":4},"end":{"line":283,"column":22}}},"fnMap":{"0":{"name":"divisionFloor","decl":{"start":{"line":3,"column":9},"end":{"line":3,"column":22}},"loc":{"start":{"line":3,"column":53},"end":{"line":6,"column":1}},"line":3},"1":{"name":"(anonymous_1)","decl":{"start":{"line":112,"column":2},"end":{"line":112,"column":3}},"loc":{"start":{"line":112,"column":29},"end":{"line":116,"column":3}},"line":112},"2":{"name":"(anonymous_2)","decl":{"start":{"line":118,"column":2},"end":{"line":118,"column":3}},"loc":{"start":{"line":118,"column":66},"end":{"line":129,"column":3}},"line":118},"3":{"name":"(anonymous_3)","decl":{"start":{"line":120,"column":35},"end":{"line":120,"column":36}},"loc":{"start":{"line":120,"column":58},"end":{"line":126,"column":7}},"line":120},"4":{"name":"(anonymous_4)","decl":{"start":{"line":130,"column":2},"end":{"line":130,"column":3}},"loc":{"start":{"line":130,"column":27},"end":{"line":145,"column":3}},"line":130},"5":{"name":"(anonymous_5)","decl":{"start":{"line":147,"column":2},"end":{"line":147,"column":3}},"loc":{"start":{"line":147,"column":27},"end":{"line":162,"column":3}},"line":147},"6":{"name":"(anonymous_6)","decl":{"start":{"line":164,"column":2},"end":{"line":164,"column":3}},"loc":{"start":{"line":164,"column":34},"end":{"line":182,"column":3}},"line":164},"7":{"name":"(anonymous_7)","decl":{"start":{"line":184,"column":2},"end":{"line":184,"column":3}},"loc":{"start":{"line":184,"column":68},"end":{"line":222,"column":3}},"line":184},"8":{"name":"(anonymous_8)","decl":{"start":{"line":224,"column":2},"end":{"line":224,"column":3}},"loc":{"start":{"line":224,"column":35},"end":{"line":240,"column":3}},"line":224},"9":{"name":"(anonymous_9)","decl":{"start":{"line":242,"column":2},"end":{"line":242,"column":3}},"loc":{"start":{"line":242,"column":46},"end":{"line":260,"column":3}},"line":242},"10":{"name":"(anonymous_10)","decl":{"start":{"line":262,"column":2},"end":{"line":262,"column":3}},"loc":{"start":{"line":262,"column":65},"end":{"line":265,"column":3}},"line":262},"11":{"name":"(anonymous_11)","decl":{"start":{"line":267,"column":2},"end":{"line":267,"column":3}},"loc":{"start":{"line":267,"column":21},"end":{"line":269,"column":3}},"line":267},"12":{"name":"(anonymous_12)","decl":{"start":{"line":270,"column":2},"end":{"line":270,"column":3}},"loc":{"start":{"line":270,"column":34},"end":{"line":272,"column":3}},"line":270},"13":{"name":"(anonymous_13)","decl":{"start":{"line":274,"column":2},"end":{"line":274,"column":3}},"loc":{"start":{"line":274,"column":36},"end":{"line":276,"column":3}},"line":274},"14":{"name":"(anonymous_14)","decl":{"start":{"line":278,"column":2},"end":{"line":278,"column":3}},"loc":{"start":{"line":278,"column":23},"end":{"line":280,"column":3}},"line":278},"15":{"name":"(anonymous_15)","decl":{"start":{"line":282,"column":2},"end":{"line":282,"column":3}},"loc":{"start":{"line":282,"column":19},"end":{"line":284,"column":3}},"line":282}},"branchMap":{"0":{"loc":{"start":{"line":119,"column":4},"end":{"line":127,"column":5}},"type":"if","locations":[{"start":{"line":119,"column":4},"end":{"line":127,"column":5}},{"start":{"line":119,"column":4},"end":{"line":127,"column":5}}],"line":119},"1":{"loc":{"start":{"line":121,"column":8},"end":{"line":125,"column":9}},"type":"if","locations":[{"start":{"line":121,"column":8},"end":{"line":125,"column":9}},{"start":{"line":121,"column":8},"end":{"line":125,"column":9}}],"line":121},"2":{"loc":{"start":{"line":136,"column":4},"end":{"line":140,"column":5}},"type":"if","locations":[{"start":{"line":136,"column":4},"end":{"line":140,"column":5}},{"start":{"line":136,"column":4},"end":{"line":140,"column":5}}],"line":136},"3":{"loc":{"start":{"line":138,"column":11},"end":{"line":140,"column":5}},"type":"if","locations":[{"start":{"line":138,"column":11},"end":{"line":140,"column":5}},{"start":{"line":138,"column":11},"end":{"line":140,"column":5}}],"line":138},"4":{"loc":{"start":{"line":149,"column":4},"end":{"line":161,"column":5}},"type":"if","locations":[{"start":{"line":149,"column":4},"end":{"line":161,"column":5}},{"start":{"line":149,"column":4},"end":{"line":161,"column":5}}],"line":149},"5":{"loc":{"start":{"line":150,"column":6},"end":{"line":151,"column":76}},"type":"binary-expr","locations":[{"start":{"line":150,"column":6},"end":{"line":150,"column":47}},{"start":{"line":151,"column":6},"end":{"line":151,"column":76}}],"line":150},"6":{"loc":{"start":{"line":155,"column":11},"end":{"line":161,"column":5}},"type":"if","locations":[{"start":{"line":155,"column":11},"end":{"line":161,"column":5}},{"start":{"line":155,"column":11},"end":{"line":161,"column":5}}],"line":155},"7":{"loc":{"start":{"line":156,"column":6},"end":{"line":157,"column":76}},"type":"binary-expr","locations":[{"start":{"line":156,"column":6},"end":{"line":156,"column":48}},{"start":{"line":157,"column":6},"end":{"line":157,"column":76}}],"line":156},"8":{"loc":{"start":{"line":170,"column":4},"end":{"line":181,"column":5}},"type":"if","locations":[{"start":{"line":170,"column":4},"end":{"line":181,"column":5}},{"start":{"line":170,"column":4},"end":{"line":181,"column":5}}],"line":170},"9":{"loc":{"start":{"line":171,"column":6},"end":{"line":177,"column":7}},"type":"if","locations":[{"start":{"line":171,"column":6},"end":{"line":177,"column":7}},{"start":{"line":171,"column":6},"end":{"line":177,"column":7}}],"line":171},"10":{"loc":{"start":{"line":174,"column":13},"end":{"line":177,"column":7}},"type":"if","locations":[{"start":{"line":174,"column":13},"end":{"line":177,"column":7}},{"start":{"line":174,"column":13},"end":{"line":177,"column":7}}],"line":174},"11":{"loc":{"start":{"line":191,"column":4},"end":{"line":197,"column":5}},"type":"if","locations":[{"start":{"line":191,"column":4},"end":{"line":197,"column":5}},{"start":{"line":191,"column":4},"end":{"line":197,"column":5}}],"line":191},"12":{"loc":{"start":{"line":194,"column":11},"end":{"line":197,"column":5}},"type":"if","locations":[{"start":{"line":194,"column":11},"end":{"line":197,"column":5}},{"start":{"line":194,"column":11},"end":{"line":197,"column":5}}],"line":194},"13":{"loc":{"start":{"line":203,"column":4},"end":{"line":206,"column":5}},"type":"if","locations":[{"start":{"line":203,"column":4},"end":{"line":206,"column":5}},{"start":{"line":203,"column":4},"end":{"line":206,"column":5}}],"line":203},"14":{"loc":{"start":{"line":207,"column":4},"end":{"line":221,"column":5}},"type":"if","locations":[{"start":{"line":207,"column":4},"end":{"line":221,"column":5}},{"start":{"line":207,"column":4},"end":{"line":221,"column":5}}],"line":207},"15":{"loc":{"start":{"line":217,"column":6},"end":{"line":220,"column":7}},"type":"if","locations":[{"start":{"line":217,"column":6},"end":{"line":220,"column":7}},{"start":{"line":217,"column":6},"end":{"line":220,"column":7}}],"line":217},"16":{"loc":{"start":{"line":226,"column":4},"end":{"line":230,"column":5}},"type":"if","locations":[{"start":{"line":226,"column":4},"end":{"line":230,"column":5}},{"start":{"line":226,"column":4},"end":{"line":230,"column":5}}],"line":226},"17":{"loc":{"start":{"line":228,"column":11},"end":{"line":230,"column":5}},"type":"if","locations":[{"start":{"line":228,"column":11},"end":{"line":230,"column":5}},{"start":{"line":228,"column":11},"end":{"line":230,"column":5}}],"line":228},"18":{"loc":{"start":{"line":244,"column":4},"end":{"line":249,"column":5}},"type":"if","locations":[{"start":{"line":244,"column":4},"end":{"line":249,"column":5}},{"start":{"line":244,"column":4},"end":{"line":249,"column":5}}],"line":244},"19":{"loc":{"start":{"line":255,"column":4},"end":{"line":258,"column":5}},"type":"if","locations":[{"start":{"line":255,"column":4},"end":{"line":258,"column":5}},{"start":{"line":255,"column":4},"end":{"line":258,"column":5}}],"line":255}},"s":{"0":14,"1":14,"2":20,"3":20,"4":20,"5":20,"6":20,"7":20,"8":20,"9":24,"10":21,"11":0,"12":0,"13":0,"14":24,"15":28,"16":28,"17":28,"18":28,"19":28,"20":0,"21":0,"22":28,"23":28,"24":29,"25":0,"26":29,"27":20,"28":12,"29":12,"30":12,"31":12,"32":12,"33":11,"34":1,"35":1,"36":10,"37":2,"38":2,"39":11,"40":1,"41":42,"42":42,"43":42,"44":42,"45":42,"46":42,"47":0,"48":0,"49":42,"50":42,"51":42,"52":42,"53":42,"54":252,"55":42,"56":0,"57":0,"58":42,"59":0,"60":0,"61":0,"62":0,"63":0,"64":0,"65":0,"66":14,"67":14,"68":0,"69":0,"70":14,"71":14,"72":12,"73":1,"74":11,"75":12,"76":12,"77":12,"78":12,"79":12,"80":11,"81":11,"82":1,"83":4,"84":4,"85":2,"86":7,"87":1,"88":3,"89":2},"f":{"0":14,"1":20,"2":24,"3":0,"4":28,"5":29,"6":12,"7":42,"8":14,"9":12,"10":4,"11":2,"12":7,"13":1,"14":3,"15":2},"b":{"0":[21,3],"1":[0,0],"2":[28,0],"3":[0,0],"4":[0,29],"5":[29,0],"6":[20,9],"7":[29,29],"8":[11,1],"9":[1,10],"10":[2,8],"11":[0,42],"12":[42,0],"13":[0,42],"14":[0,42],"15":[0,0],"16":[14,0],"17":[0,0],"18":[1,11],"19":[11,1]},"_coverageSchema":"1a1c01bbd47fc00a2c39e90264f33305004495a9","hash":"c371348bff6060bf0193cdd152d905cd56324792"}
,"D:\\programming\\ts\\myplugin\\ts-src\\pres.ts": {"path":"D:\\programming\\ts\\myplugin\\ts-src\\pres.ts","statementMap":{"0":{"start":{"line":6,"column":12},"end":{"line":6,"column":14}},"1":{"start":{"line":7,"column":2},"end":{"line":10,"column":3}},"2":{"start":{"line":7,"column":15},"end":{"line":7,"column":16}},"3":{"start":{"line":8,"column":19},"end":{"line":8,"column":40}},"4":{"start":{"line":9,"column":4},"end":{"line":9,"column":21}},"5":{"start":{"line":12,"column":2},"end":{"line":12,"column":13}},"6":{"start":{"line":23,"column":29},"end":{"line":23,"column":48}},"7":{"start":{"line":26,"column":4},"end":{"line":26,"column":12}},"8":{"start":{"line":27,"column":4},"end":{"line":27,"column":24}},"9":{"start":{"line":28,"column":4},"end":{"line":28,"column":22}},"10":{"start":{"line":29,"column":4},"end":{"line":29,"column":61}},"11":{"start":{"line":33,"column":4},"end":{"line":33,"column":22}},"12":{"start":{"line":35,"column":4},"end":{"line":35,"column":61}},"13":{"start":{"line":39,"column":24},"end":{"line":39,"column":61}},"14":{"start":{"line":41,"column":4},"end":{"line":45,"column":5}},"15":{"start":{"line":42,"column":6},"end":{"line":42,"column":58}},"16":{"start":{"line":43,"column":11},"end":{"line":45,"column":5}},"17":{"start":{"line":44,"column":6},"end":{"line":44,"column":59}},"18":{"start":{"line":46,"column":4},"end":{"line":46,"column":34}},"19":{"start":{"line":47,"column":20},"end":{"line":47,"column":64}},"20":{"start":{"line":48,"column":21},"end":{"line":48,"column":46}},"21":{"start":{"line":50,"column":52},"end":{"line":50,"column":77}},"22":{"start":{"line":52,"column":6},"end":{"line":52,"column":67}},"23":{"start":{"line":56,"column":4},"end":{"line":56,"column":55}},"24":{"start":{"line":57,"column":4},"end":{"line":57,"column":41}},"25":{"start":{"line":59,"column":4},"end":{"line":64,"column":7}},"26":{"start":{"line":65,"column":4},"end":{"line":68,"column":5}},"27":{"start":{"line":66,"column":21},"end":{"line":66,"column":61}},"28":{"start":{"line":67,"column":6},"end":{"line":67,"column":36}},"29":{"start":{"line":70,"column":4},"end":{"line":70,"column":75}},"30":{"start":{"line":72,"column":4},"end":{"line":72,"column":39}},"31":{"start":{"line":80,"column":20},"end":{"line":80,"column":40}},"32":{"start":{"line":84,"column":4},"end":{"line":92,"column":5}},"33":{"start":{"line":85,"column":6},"end":{"line":85,"column":58}},"34":{"start":{"line":86,"column":6},"end":{"line":86,"column":33}},"35":{"start":{"line":87,"column":6},"end":{"line":87,"column":25}},"36":{"start":{"line":89,"column":6},"end":{"line":89,"column":31}},"37":{"start":{"line":90,"column":6},"end":{"line":90,"column":59}},"38":{"start":{"line":91,"column":6},"end":{"line":91,"column":24}},"39":{"start":{"line":94,"column":17},"end":{"line":94,"column":46}},"40":{"start":{"line":95,"column":4},"end":{"line":95,"column":38}},"41":{"start":{"line":96,"column":22},"end":{"line":96,"column":51}},"42":{"start":{"line":98,"column":19},"end":{"line":98,"column":48}},"43":{"start":{"line":99,"column":4},"end":{"line":99,"column":35}},"44":{"start":{"line":100,"column":18},"end":{"line":100,"column":47}},"45":{"start":{"line":101,"column":4},"end":{"line":101,"column":40}},"46":{"start":{"line":103,"column":19},"end":{"line":103,"column":48}},"47":{"start":{"line":104,"column":4},"end":{"line":110,"column":5}},"48":{"start":{"line":105,"column":6},"end":{"line":105,"column":32}},"49":{"start":{"line":106,"column":6},"end":{"line":106,"column":38}},"50":{"start":{"line":107,"column":11},"end":{"line":110,"column":5}},"51":{"start":{"line":108,"column":6},"end":{"line":108,"column":33}},"52":{"start":{"line":109,"column":6},"end":{"line":109,"column":38}},"53":{"start":{"line":111,"column":17},"end":{"line":111,"column":46}},"54":{"start":{"line":112,"column":29},"end":{"line":112,"column":58}},"55":{"start":{"line":113,"column":4},"end":{"line":113,"column":85}},"56":{"start":{"line":114,"column":25},"end":{"line":114,"column":54}},"57":{"start":{"line":115,"column":4},"end":{"line":115,"column":73}},"58":{"start":{"line":116,"column":4},"end":{"line":116,"column":42}},"59":{"start":{"line":117,"column":4},"end":{"line":117,"column":65}},"60":{"start":{"line":118,"column":4},"end":{"line":118,"column":34}},"61":{"start":{"line":120,"column":4},"end":{"line":120,"column":36}},"62":{"start":{"line":121,"column":16},"end":{"line":121,"column":46}},"63":{"start":{"line":122,"column":4},"end":{"line":122,"column":48}},"64":{"start":{"line":123,"column":16},"end":{"line":123,"column":46}},"65":{"start":{"line":124,"column":4},"end":{"line":124,"column":49}},"66":{"start":{"line":125,"column":4},"end":{"line":125,"column":21}},"67":{"start":{"line":126,"column":4},"end":{"line":126,"column":29}},"68":{"start":{"line":127,"column":4},"end":{"line":127,"column":27}},"69":{"start":{"line":128,"column":4},"end":{"line":128,"column":21}},"70":{"start":{"line":129,"column":4},"end":{"line":129,"column":30}},"71":{"start":{"line":131,"column":4},"end":{"line":131,"column":31}},"72":{"start":{"line":132,"column":4},"end":{"line":132,"column":69}},"73":{"start":{"line":134,"column":4},"end":{"line":134,"column":40}},"74":{"start":{"line":135,"column":4},"end":{"line":135,"column":78}},"75":{"start":{"line":136,"column":4},"end":{"line":136,"column":55}},"76":{"start":{"line":138,"column":4},"end":{"line":140,"column":5}},"77":{"start":{"line":139,"column":6},"end":{"line":139,"column":47}},"78":{"start":{"line":141,"column":4},"end":{"line":141,"column":48}},"79":{"start":{"line":142,"column":4},"end":{"line":142,"column":40}},"80":{"start":{"line":143,"column":4},"end":{"line":143,"column":48}},"81":{"start":{"line":144,"column":4},"end":{"line":144,"column":40}},"82":{"start":{"line":145,"column":4},"end":{"line":145,"column":52}},"83":{"start":{"line":146,"column":4},"end":{"line":146,"column":52}},"84":{"start":{"line":147,"column":4},"end":{"line":147,"column":54}},"85":{"start":{"line":149,"column":4},"end":{"line":149,"column":39}},"86":{"start":{"line":153,"column":24},"end":{"line":153,"column":61}},"87":{"start":{"line":155,"column":4},"end":{"line":159,"column":5}},"88":{"start":{"line":156,"column":6},"end":{"line":156,"column":31}},"89":{"start":{"line":157,"column":11},"end":{"line":159,"column":5}},"90":{"start":{"line":158,"column":6},"end":{"line":158,"column":30}},"91":{"start":{"line":160,"column":22},"end":{"line":160,"column":51}},"92":{"start":{"line":162,"column":56},"end":{"line":165,"column":5}},"93":{"start":{"line":166,"column":25},"end":{"line":166,"column":33}},"94":{"start":{"line":167,"column":12},"end":{"line":167,"column":13}},"95":{"start":{"line":168,"column":4},"end":{"line":196,"column":5}},"96":{"start":{"line":168,"column":17},"end":{"line":168,"column":18}},"97":{"start":{"line":169,"column":26},"end":{"line":169,"column":55}},"98":{"start":{"line":170,"column":6},"end":{"line":170,"column":36}},"99":{"start":{"line":171,"column":26},"end":{"line":171,"column":57}},"100":{"start":{"line":172,"column":6},"end":{"line":172,"column":64}},"101":{"start":{"line":173,"column":6},"end":{"line":173,"column":63}},"102":{"start":{"line":174,"column":6},"end":{"line":174,"column":65}},"103":{"start":{"line":176,"column":6},"end":{"line":180,"column":7}},"104":{"start":{"line":177,"column":8},"end":{"line":177,"column":59}},"105":{"start":{"line":179,"column":8},"end":{"line":179,"column":53}},"106":{"start":{"line":182,"column":6},"end":{"line":195,"column":7}},"107":{"start":{"line":183,"column":22},"end":{"line":183,"column":49}},"108":{"start":{"line":184,"column":8},"end":{"line":184,"column":53}},"109":{"start":{"line":185,"column":8},"end":{"line":185,"column":53}},"110":{"start":{"line":186,"column":8},"end":{"line":186,"column":51}},"111":{"start":{"line":187,"column":8},"end":{"line":187,"column":40}},"112":{"start":{"line":189,"column":22},"end":{"line":189,"column":37}},"113":{"start":{"line":190,"column":8},"end":{"line":190,"column":53}},"114":{"start":{"line":191,"column":8},"end":{"line":191,"column":53}},"115":{"start":{"line":192,"column":8},"end":{"line":192,"column":51}},"116":{"start":{"line":193,"column":8},"end":{"line":193,"column":40}},"117":{"start":{"line":194,"column":8},"end":{"line":194,"column":15}},"118":{"start":{"line":197,"column":4},"end":{"line":197,"column":72}},"119":{"start":{"line":198,"column":4},"end":{"line":198,"column":21}},"120":{"start":{"line":205,"column":20},"end":{"line":205,"column":40}},"121":{"start":{"line":206,"column":4},"end":{"line":206,"column":42}},"122":{"start":{"line":208,"column":4},"end":{"line":216,"column":5}},"123":{"start":{"line":209,"column":6},"end":{"line":209,"column":41}},"124":{"start":{"line":211,"column":6},"end":{"line":211,"column":35}},"125":{"start":{"line":213,"column":6},"end":{"line":213,"column":21}},"126":{"start":{"line":214,"column":6},"end":{"line":214,"column":19}},"127":{"start":{"line":215,"column":6},"end":{"line":215,"column":27}},"128":{"start":{"line":218,"column":21},"end":{"line":218,"column":46}},"129":{"start":{"line":219,"column":4},"end":{"line":223,"column":5}},"130":{"start":{"line":220,"column":6},"end":{"line":220,"column":25}},"131":{"start":{"line":222,"column":6},"end":{"line":222,"column":24}},"132":{"start":{"line":224,"column":37},"end":{"line":224,"column":74}},"133":{"start":{"line":225,"column":4},"end":{"line":225,"column":41}},"134":{"start":{"line":226,"column":29},"end":{"line":228,"column":23}},"135":{"start":{"line":229,"column":4},"end":{"line":229,"column":73}},"136":{"start":{"line":230,"column":4},"end":{"line":230,"column":24}},"137":{"start":{"line":231,"column":4},"end":{"line":231,"column":29}},"138":{"start":{"line":232,"column":18},"end":{"line":236,"column":20}},"139":{"start":{"line":237,"column":4},"end":{"line":237,"column":45}},"140":{"start":{"line":238,"column":4},"end":{"line":238,"column":45}},"141":{"start":{"line":241,"column":4},"end":{"line":244,"column":5}},"142":{"start":{"line":242,"column":6},"end":{"line":242,"column":66}},"143":{"start":{"line":243,"column":6},"end":{"line":243,"column":34}},"144":{"start":{"line":248,"column":4},"end":{"line":252,"column":5}},"145":{"start":{"line":249,"column":6},"end":{"line":249,"column":25}},"146":{"start":{"line":250,"column":11},"end":{"line":252,"column":5}},"147":{"start":{"line":251,"column":6},"end":{"line":251,"column":24}},"148":{"start":{"line":253,"column":19},"end":{"line":253,"column":60}},"149":{"start":{"line":255,"column":30},"end":{"line":255,"column":67}},"150":{"start":{"line":256,"column":4},"end":{"line":256,"column":40}},"151":{"start":{"line":259,"column":20},"end":{"line":259,"column":40}},"152":{"start":{"line":261,"column":4},"end":{"line":261,"column":42}},"153":{"start":{"line":262,"column":19},"end":{"line":262,"column":52}},"154":{"start":{"line":263,"column":4},"end":{"line":267,"column":5}},"155":{"start":{"line":264,"column":6},"end":{"line":264,"column":46}},"156":{"start":{"line":265,"column":11},"end":{"line":267,"column":5}},"157":{"start":{"line":266,"column":6},"end":{"line":266,"column":45}},"158":{"start":{"line":269,"column":4},"end":{"line":269,"column":59}},"159":{"start":{"line":270,"column":4},"end":{"line":270,"column":39}},"160":{"start":{"line":271,"column":4},"end":{"line":271,"column":64}},"161":{"start":{"line":272,"column":4},"end":{"line":274,"column":5}},"162":{"start":{"line":273,"column":6},"end":{"line":273,"column":66}},"163":{"start":{"line":277,"column":22},"end":{"line":277,"column":53}},"164":{"start":{"line":278,"column":21},"end":{"line":278,"column":54}},"165":{"start":{"line":279,"column":4},"end":{"line":279,"column":41}},"166":{"start":{"line":283,"column":23},"end":{"line":285,"column":5}},"167":{"start":{"line":287,"column":4},"end":{"line":293,"column":5}},"168":{"start":{"line":288,"column":6},"end":{"line":288,"column":21}},"169":{"start":{"line":289,"column":6},"end":{"line":291,"column":9}},"170":{"start":{"line":292,"column":6},"end":{"line":292,"column":52}},"171":{"start":{"line":294,"column":17},"end":{"line":294,"column":55}},"172":{"start":{"line":295,"column":15},"end":{"line":295,"column":45}},"173":{"start":{"line":296,"column":20},"end":{"line":296,"column":50}},"174":{"start":{"line":297,"column":14},"end":{"line":297,"column":47}},"175":{"start":{"line":299,"column":21},"end":{"line":299,"column":23}},"176":{"start":{"line":300,"column":4},"end":{"line":303,"column":5}},"177":{"start":{"line":300,"column":17},"end":{"line":300,"column":18}},"178":{"start":{"line":301,"column":20},"end":{"line":301,"column":26}},"179":{"start":{"line":302,"column":6},"end":{"line":302,"column":27}},"180":{"start":{"line":304,"column":21},"end":{"line":304,"column":23}},"181":{"start":{"line":305,"column":4},"end":{"line":315,"column":7}},"182":{"start":{"line":306,"column":14},"end":{"line":309,"column":7}},"183":{"start":{"line":311,"column":6},"end":{"line":314,"column":8}},"184":{"start":{"line":317,"column":18},"end":{"line":317,"column":20}},"185":{"start":{"line":318,"column":4},"end":{"line":320,"column":7}},"186":{"start":{"line":319,"column":6},"end":{"line":319,"column":47}},"187":{"start":{"line":321,"column":20},"end":{"line":321,"column":36}},"188":{"start":{"line":322,"column":22},"end":{"line":324,"column":6}},"189":{"start":{"line":323,"column":6},"end":{"line":323,"column":25}},"190":{"start":{"line":326,"column":16},"end":{"line":326,"column":52}},"191":{"start":{"line":327,"column":19},"end":{"line":327,"column":22}},"192":{"start":{"line":329,"column":4},"end":{"line":329,"column":55}},"193":{"start":{"line":333,"column":23},"end":{"line":344,"column":5}},"194":{"start":{"line":345,"column":4},"end":{"line":380,"column":5}},"195":{"start":{"line":346,"column":6},"end":{"line":379,"column":7}},"196":{"start":{"line":347,"column":21},"end":{"line":347,"column":45}},"197":{"start":{"line":348,"column":8},"end":{"line":350,"column":9}},"198":{"start":{"line":349,"column":10},"end":{"line":349,"column":38}},"199":{"start":{"line":351,"column":8},"end":{"line":351,"column":47}},"200":{"start":{"line":352,"column":8},"end":{"line":356,"column":9}},"201":{"start":{"line":353,"column":10},"end":{"line":353,"column":56}},"202":{"start":{"line":355,"column":10},"end":{"line":355,"column":49}},"203":{"start":{"line":357,"column":13},"end":{"line":379,"column":7}},"204":{"start":{"line":358,"column":21},"end":{"line":358,"column":46}},"205":{"start":{"line":359,"column":8},"end":{"line":361,"column":9}},"206":{"start":{"line":360,"column":10},"end":{"line":360,"column":38}},"207":{"start":{"line":362,"column":8},"end":{"line":362,"column":52}},"208":{"start":{"line":363,"column":8},"end":{"line":367,"column":9}},"209":{"start":{"line":364,"column":10},"end":{"line":364,"column":61}},"210":{"start":{"line":366,"column":10},"end":{"line":366,"column":54}},"211":{"start":{"line":368,"column":13},"end":{"line":379,"column":7}},"212":{"start":{"line":369,"column":21},"end":{"line":369,"column":45}},"213":{"start":{"line":370,"column":8},"end":{"line":372,"column":9}},"214":{"start":{"line":371,"column":10},"end":{"line":371,"column":38}},"215":{"start":{"line":373,"column":8},"end":{"line":373,"column":47}},"216":{"start":{"line":374,"column":8},"end":{"line":378,"column":9}},"217":{"start":{"line":375,"column":10},"end":{"line":375,"column":56}},"218":{"start":{"line":377,"column":10},"end":{"line":377,"column":49}},"219":{"start":{"line":381,"column":4},"end":{"line":381,"column":22}},"220":{"start":{"line":385,"column":20},"end":{"line":385,"column":55}},"221":{"start":{"line":386,"column":16},"end":{"line":386,"column":49}},"222":{"start":{"line":387,"column":17},"end":{"line":387,"column":43}},"223":{"start":{"line":388,"column":22},"end":{"line":388,"column":59}},"224":{"start":{"line":389,"column":19},"end":{"line":389,"column":47}},"225":{"start":{"line":390,"column":18},"end":{"line":390,"column":29}},"226":{"start":{"line":391,"column":23},"end":{"line":391,"column":58}},"227":{"start":{"line":392,"column":22},"end":{"line":392,"column":56}},"228":{"start":{"line":393,"column":4},"end":{"line":393,"column":61}},"229":{"start":{"line":394,"column":4},"end":{"line":427,"column":5}},"230":{"start":{"line":395,"column":6},"end":{"line":397,"column":8}},"231":{"start":{"line":396,"column":8},"end":{"line":396,"column":21}},"232":{"start":{"line":398,"column":6},"end":{"line":426,"column":9}},"233":{"start":{"line":399,"column":8},"end":{"line":399,"column":31}},"234":{"start":{"line":400,"column":23},"end":{"line":400,"column":53}},"235":{"start":{"line":401,"column":8},"end":{"line":425,"column":9}},"236":{"start":{"line":402,"column":25},"end":{"line":402,"column":76}},"237":{"start":{"line":404,"column":28},"end":{"line":418,"column":11}},"238":{"start":{"line":405,"column":12},"end":{"line":417,"column":14}},"239":{"start":{"line":419,"column":28},"end":{"line":422,"column":11}},"240":{"start":{"line":420,"column":12},"end":{"line":420,"column":67}},"241":{"start":{"line":421,"column":12},"end":{"line":421,"column":65}},"242":{"start":{"line":423,"column":10},"end":{"line":423,"column":62}},"243":{"start":{"line":424,"column":10},"end":{"line":424,"column":60}},"244":{"start":{"line":429,"column":4},"end":{"line":450,"column":7}},"245":{"start":{"line":430,"column":21},"end":{"line":430,"column":48}},"246":{"start":{"line":431,"column":6},"end":{"line":449,"column":7}},"247":{"start":{"line":433,"column":10},"end":{"line":434,"column":16}},"248":{"start":{"line":435,"column":8},"end":{"line":448,"column":10}},"249":{"start":{"line":454,"column":4},"end":{"line":457,"column":5}},"250":{"start":{"line":455,"column":6},"end":{"line":455,"column":48}},"251":{"start":{"line":456,"column":6},"end":{"line":456,"column":13}},"252":{"start":{"line":458,"column":4},"end":{"line":458,"column":39}},"253":{"start":{"line":462,"column":20},"end":{"line":462,"column":40}},"254":{"start":{"line":465,"column":4},"end":{"line":473,"column":5}},"255":{"start":{"line":466,"column":6},"end":{"line":466,"column":41}},"256":{"start":{"line":467,"column":11},"end":{"line":473,"column":5}},"257":{"start":{"line":468,"column":6},"end":{"line":472,"column":7}},"258":{"start":{"line":469,"column":8},"end":{"line":469,"column":43}},"259":{"start":{"line":471,"column":8},"end":{"line":471,"column":68}},"260":{"start":{"line":475,"column":4},"end":{"line":475,"column":40}},"261":{"start":{"line":479,"column":4},"end":{"line":479,"column":37}}},"fnMap":{"0":{"name":"elemsDiff","decl":{"start":{"line":5,"column":9},"end":{"line":5,"column":18}},"loc":{"start":{"line":5,"column":34},"end":{"line":13,"column":1}},"line":5},"1":{"name":"(anonymous_1)","decl":{"start":{"line":25,"column":2},"end":{"line":25,"column":3}},"loc":{"start":{"line":25,"column":43},"end":{"line":30,"column":3}},"line":25},"2":{"name":"(anonymous_2)","decl":{"start":{"line":32,"column":2},"end":{"line":32,"column":3}},"loc":{"start":{"line":32,"column":35},"end":{"line":36,"column":3}},"line":32},"3":{"name":"(anonymous_3)","decl":{"start":{"line":38,"column":2},"end":{"line":38,"column":3}},"loc":{"start":{"line":38,"column":22},"end":{"line":73,"column":3}},"line":38},"4":{"name":"(anonymous_4)","decl":{"start":{"line":75,"column":2},"end":{"line":75,"column":3}},"loc":{"start":{"line":79,"column":4},"end":{"line":150,"column":3}},"line":79},"5":{"name":"(anonymous_5)","decl":{"start":{"line":152,"column":2},"end":{"line":152,"column":3}},"loc":{"start":{"line":152,"column":77},"end":{"line":199,"column":3}},"line":152},"6":{"name":"(anonymous_6)","decl":{"start":{"line":201,"column":2},"end":{"line":201,"column":3}},"loc":{"start":{"line":201,"column":45},"end":{"line":245,"column":3}},"line":201},"7":{"name":"(anonymous_7)","decl":{"start":{"line":246,"column":2},"end":{"line":246,"column":3}},"loc":{"start":{"line":246,"column":28},"end":{"line":257,"column":3}},"line":246},"8":{"name":"(anonymous_8)","decl":{"start":{"line":258,"column":2},"end":{"line":258,"column":3}},"loc":{"start":{"line":258,"column":24},"end":{"line":275,"column":3}},"line":258},"9":{"name":"(anonymous_9)","decl":{"start":{"line":276,"column":2},"end":{"line":276,"column":3}},"loc":{"start":{"line":276,"column":21},"end":{"line":280,"column":3}},"line":276},"10":{"name":"(anonymous_10)","decl":{"start":{"line":281,"column":2},"end":{"line":281,"column":3}},"loc":{"start":{"line":281,"column":44},"end":{"line":330,"column":3}},"line":281},"11":{"name":"(anonymous_11)","decl":{"start":{"line":305,"column":21},"end":{"line":305,"column":22}},"loc":{"start":{"line":305,"column":32},"end":{"line":315,"column":5}},"line":305},"12":{"name":"(anonymous_12)","decl":{"start":{"line":318,"column":34},"end":{"line":318,"column":35}},"loc":{"start":{"line":318,"column":43},"end":{"line":320,"column":5}},"line":318},"13":{"name":"(anonymous_13)","decl":{"start":{"line":322,"column":39},"end":{"line":322,"column":40}},"loc":{"start":{"line":322,"column":55},"end":{"line":324,"column":5}},"line":322},"14":{"name":"(anonymous_14)","decl":{"start":{"line":332,"column":2},"end":{"line":332,"column":3}},"loc":{"start":{"line":332,"column":42},"end":{"line":382,"column":3}},"line":332},"15":{"name":"(anonymous_15)","decl":{"start":{"line":384,"column":2},"end":{"line":384,"column":3}},"loc":{"start":{"line":384,"column":29},"end":{"line":451,"column":3}},"line":384},"16":{"name":"(anonymous_16)","decl":{"start":{"line":395,"column":27},"end":{"line":395,"column":28}},"loc":{"start":{"line":395,"column":39},"end":{"line":397,"column":7}},"line":395},"17":{"name":"(anonymous_17)","decl":{"start":{"line":398,"column":45},"end":{"line":398,"column":46}},"loc":{"start":{"line":398,"column":56},"end":{"line":426,"column":7}},"line":398},"18":{"name":"(anonymous_18)","decl":{"start":{"line":404,"column":28},"end":{"line":404,"column":29}},"loc":{"start":{"line":404,"column":35},"end":{"line":418,"column":11}},"line":404},"19":{"name":"(anonymous_19)","decl":{"start":{"line":419,"column":28},"end":{"line":419,"column":29}},"loc":{"start":{"line":419,"column":35},"end":{"line":422,"column":11}},"line":419},"20":{"name":"(anonymous_20)","decl":{"start":{"line":429,"column":40},"end":{"line":429,"column":41}},"loc":{"start":{"line":429,"column":51},"end":{"line":450,"column":5}},"line":429},"21":{"name":"(anonymous_21)","decl":{"start":{"line":453,"column":2},"end":{"line":453,"column":3}},"loc":{"start":{"line":453,"column":53},"end":{"line":459,"column":3}},"line":453},"22":{"name":"(anonymous_22)","decl":{"start":{"line":461,"column":2},"end":{"line":461,"column":3}},"loc":{"start":{"line":461,"column":52},"end":{"line":476,"column":3}},"line":461},"23":{"name":"(anonymous_23)","decl":{"start":{"line":478,"column":2},"end":{"line":478,"column":3}},"loc":{"start":{"line":478,"column":23},"end":{"line":480,"column":3}},"line":478}},"branchMap":{"0":{"loc":{"start":{"line":41,"column":4},"end":{"line":45,"column":5}},"type":"if","locations":[{"start":{"line":41,"column":4},"end":{"line":45,"column":5}},{"start":{"line":41,"column":4},"end":{"line":45,"column":5}}],"line":41},"1":{"loc":{"start":{"line":43,"column":11},"end":{"line":45,"column":5}},"type":"if","locations":[{"start":{"line":43,"column":11},"end":{"line":45,"column":5}},{"start":{"line":43,"column":11},"end":{"line":45,"column":5}}],"line":43},"2":{"loc":{"start":{"line":65,"column":4},"end":{"line":68,"column":5}},"type":"if","locations":[{"start":{"line":65,"column":4},"end":{"line":68,"column":5}},{"start":{"line":65,"column":4},"end":{"line":68,"column":5}}],"line":65},"3":{"loc":{"start":{"line":84,"column":4},"end":{"line":92,"column":5}},"type":"if","locations":[{"start":{"line":84,"column":4},"end":{"line":92,"column":5}},{"start":{"line":84,"column":4},"end":{"line":92,"column":5}}],"line":84},"4":{"loc":{"start":{"line":104,"column":4},"end":{"line":110,"column":5}},"type":"if","locations":[{"start":{"line":104,"column":4},"end":{"line":110,"column":5}},{"start":{"line":104,"column":4},"end":{"line":110,"column":5}}],"line":104},"5":{"loc":{"start":{"line":107,"column":11},"end":{"line":110,"column":5}},"type":"if","locations":[{"start":{"line":107,"column":11},"end":{"line":110,"column":5}},{"start":{"line":107,"column":11},"end":{"line":110,"column":5}}],"line":107},"6":{"loc":{"start":{"line":138,"column":4},"end":{"line":140,"column":5}},"type":"if","locations":[{"start":{"line":138,"column":4},"end":{"line":140,"column":5}},{"start":{"line":138,"column":4},"end":{"line":140,"column":5}}],"line":138},"7":{"loc":{"start":{"line":155,"column":4},"end":{"line":159,"column":5}},"type":"if","locations":[{"start":{"line":155,"column":4},"end":{"line":159,"column":5}},{"start":{"line":155,"column":4},"end":{"line":159,"column":5}}],"line":155},"8":{"loc":{"start":{"line":157,"column":11},"end":{"line":159,"column":5}},"type":"if","locations":[{"start":{"line":157,"column":11},"end":{"line":159,"column":5}},{"start":{"line":157,"column":11},"end":{"line":159,"column":5}}],"line":157},"9":{"loc":{"start":{"line":176,"column":6},"end":{"line":180,"column":7}},"type":"if","locations":[{"start":{"line":176,"column":6},"end":{"line":180,"column":7}},{"start":{"line":176,"column":6},"end":{"line":180,"column":7}}],"line":176},"10":{"loc":{"start":{"line":182,"column":6},"end":{"line":195,"column":7}},"type":"if","locations":[{"start":{"line":182,"column":6},"end":{"line":195,"column":7}},{"start":{"line":182,"column":6},"end":{"line":195,"column":7}}],"line":182},"11":{"loc":{"start":{"line":208,"column":4},"end":{"line":216,"column":5}},"type":"if","locations":[{"start":{"line":208,"column":4},"end":{"line":216,"column":5}},{"start":{"line":208,"column":4},"end":{"line":216,"column":5}}],"line":208},"12":{"loc":{"start":{"line":219,"column":4},"end":{"line":223,"column":5}},"type":"if","locations":[{"start":{"line":219,"column":4},"end":{"line":223,"column":5}},{"start":{"line":219,"column":4},"end":{"line":223,"column":5}}],"line":219},"13":{"loc":{"start":{"line":241,"column":4},"end":{"line":244,"column":5}},"type":"if","locations":[{"start":{"line":241,"column":4},"end":{"line":244,"column":5}},{"start":{"line":241,"column":4},"end":{"line":244,"column":5}}],"line":241},"14":{"loc":{"start":{"line":248,"column":4},"end":{"line":252,"column":5}},"type":"if","locations":[{"start":{"line":248,"column":4},"end":{"line":252,"column":5}},{"start":{"line":248,"column":4},"end":{"line":252,"column":5}}],"line":248},"15":{"loc":{"start":{"line":250,"column":11},"end":{"line":252,"column":5}},"type":"if","locations":[{"start":{"line":250,"column":11},"end":{"line":252,"column":5}},{"start":{"line":250,"column":11},"end":{"line":252,"column":5}}],"line":250},"16":{"loc":{"start":{"line":263,"column":4},"end":{"line":267,"column":5}},"type":"if","locations":[{"start":{"line":263,"column":4},"end":{"line":267,"column":5}},{"start":{"line":263,"column":4},"end":{"line":267,"column":5}}],"line":263},"17":{"loc":{"start":{"line":265,"column":11},"end":{"line":267,"column":5}},"type":"if","locations":[{"start":{"line":265,"column":11},"end":{"line":267,"column":5}},{"start":{"line":265,"column":11},"end":{"line":267,"column":5}}],"line":265},"18":{"loc":{"start":{"line":272,"column":4},"end":{"line":274,"column":5}},"type":"if","locations":[{"start":{"line":272,"column":4},"end":{"line":274,"column":5}},{"start":{"line":272,"column":4},"end":{"line":274,"column":5}}],"line":272},"19":{"loc":{"start":{"line":287,"column":4},"end":{"line":293,"column":5}},"type":"if","locations":[{"start":{"line":287,"column":4},"end":{"line":293,"column":5}},{"start":{"line":287,"column":4},"end":{"line":293,"column":5}}],"line":287},"20":{"loc":{"start":{"line":346,"column":6},"end":{"line":379,"column":7}},"type":"if","locations":[{"start":{"line":346,"column":6},"end":{"line":379,"column":7}},{"start":{"line":346,"column":6},"end":{"line":379,"column":7}}],"line":346},"21":{"loc":{"start":{"line":348,"column":8},"end":{"line":350,"column":9}},"type":"if","locations":[{"start":{"line":348,"column":8},"end":{"line":350,"column":9}},{"start":{"line":348,"column":8},"end":{"line":350,"column":9}}],"line":348},"22":{"loc":{"start":{"line":352,"column":8},"end":{"line":356,"column":9}},"type":"if","locations":[{"start":{"line":352,"column":8},"end":{"line":356,"column":9}},{"start":{"line":352,"column":8},"end":{"line":356,"column":9}}],"line":352},"23":{"loc":{"start":{"line":357,"column":13},"end":{"line":379,"column":7}},"type":"if","locations":[{"start":{"line":357,"column":13},"end":{"line":379,"column":7}},{"start":{"line":357,"column":13},"end":{"line":379,"column":7}}],"line":357},"24":{"loc":{"start":{"line":359,"column":8},"end":{"line":361,"column":9}},"type":"if","locations":[{"start":{"line":359,"column":8},"end":{"line":361,"column":9}},{"start":{"line":359,"column":8},"end":{"line":361,"column":9}}],"line":359},"25":{"loc":{"start":{"line":363,"column":8},"end":{"line":367,"column":9}},"type":"if","locations":[{"start":{"line":363,"column":8},"end":{"line":367,"column":9}},{"start":{"line":363,"column":8},"end":{"line":367,"column":9}}],"line":363},"26":{"loc":{"start":{"line":368,"column":13},"end":{"line":379,"column":7}},"type":"if","locations":[{"start":{"line":368,"column":13},"end":{"line":379,"column":7}},{"start":{"line":368,"column":13},"end":{"line":379,"column":7}}],"line":368},"27":{"loc":{"start":{"line":370,"column":8},"end":{"line":372,"column":9}},"type":"if","locations":[{"start":{"line":370,"column":8},"end":{"line":372,"column":9}},{"start":{"line":370,"column":8},"end":{"line":372,"column":9}}],"line":370},"28":{"loc":{"start":{"line":374,"column":8},"end":{"line":378,"column":9}},"type":"if","locations":[{"start":{"line":374,"column":8},"end":{"line":378,"column":9}},{"start":{"line":374,"column":8},"end":{"line":378,"column":9}}],"line":374},"29":{"loc":{"start":{"line":401,"column":8},"end":{"line":425,"column":9}},"type":"if","locations":[{"start":{"line":401,"column":8},"end":{"line":425,"column":9}},{"start":{"line":401,"column":8},"end":{"line":425,"column":9}}],"line":401},"30":{"loc":{"start":{"line":431,"column":6},"end":{"line":449,"column":7}},"type":"if","locations":[{"start":{"line":431,"column":6},"end":{"line":449,"column":7}},{"start":{"line":431,"column":6},"end":{"line":449,"column":7}}],"line":431},"31":{"loc":{"start":{"line":433,"column":10},"end":{"line":434,"column":16}},"type":"binary-expr","locations":[{"start":{"line":433,"column":11},"end":{"line":433,"column":74}},{"start":{"line":434,"column":10},"end":{"line":434,"column":16}}],"line":433},"32":{"loc":{"start":{"line":454,"column":4},"end":{"line":457,"column":5}},"type":"if","locations":[{"start":{"line":454,"column":4},"end":{"line":457,"column":5}},{"start":{"line":454,"column":4},"end":{"line":457,"column":5}}],"line":454},"33":{"loc":{"start":{"line":465,"column":4},"end":{"line":473,"column":5}},"type":"if","locations":[{"start":{"line":465,"column":4},"end":{"line":473,"column":5}},{"start":{"line":465,"column":4},"end":{"line":473,"column":5}}],"line":465},"34":{"loc":{"start":{"line":467,"column":11},"end":{"line":473,"column":5}},"type":"if","locations":[{"start":{"line":467,"column":11},"end":{"line":473,"column":5}},{"start":{"line":467,"column":11},"end":{"line":473,"column":5}}],"line":467},"35":{"loc":{"start":{"line":468,"column":6},"end":{"line":472,"column":7}},"type":"if","locations":[{"start":{"line":468,"column":6},"end":{"line":472,"column":7}},{"start":{"line":468,"column":6},"end":{"line":472,"column":7}}],"line":468}},"s":{"0":0,"1":0,"2":0,"3":0,"4":0,"5":0,"6":3,"7":3,"8":3,"9":3,"10":3,"11":1,"12":1,"13":1,"14":1,"15":1,"16":0,"17":0,"18":1,"19":1,"20":1,"21":1,"22":1,"23":0,"24":0,"25":0,"26":0,"27":0,"28":0,"29":0,"30":0,"31":1,"32":1,"33":1,"34":1,"35":1,"36":0,"37":0,"38":0,"39":1,"40":1,"41":1,"42":1,"43":1,"44":1,"45":1,"46":1,"47":1,"48":1,"49":1,"50":0,"51":0,"52":0,"53":1,"54":1,"55":1,"56":1,"57":1,"58":1,"59":1,"60":1,"61":1,"62":1,"63":1,"64":1,"65":1,"66":1,"67":1,"68":1,"69":1,"70":1,"71":1,"72":1,"73":1,"74":1,"75":1,"76":1,"77":1,"78":1,"79":1,"80":1,"81":1,"82":1,"83":1,"84":1,"85":1,"86":0,"87":0,"88":0,"89":0,"90":0,"91":0,"92":0,"93":0,"94":0,"95":0,"96":0,"97":0,"98":0,"99":0,"100":0,"101":0,"102":0,"103":0,"104":0,"105":0,"106":0,"107":0,"108":0,"109":0,"110":0,"111":0,"112":0,"113":0,"114":0,"115":0,"116":0,"117":0,"118":0,"119":0,"120":1,"121":1,"122":1,"123":0,"124":0,"125":1,"126":1,"127":1,"128":1,"129":1,"130":1,"131":0,"132":1,"133":1,"134":1,"135":1,"136":1,"137":1,"138":1,"139":1,"140":1,"141":1,"142":0,"143":0,"144":0,"145":0,"146":0,"147":0,"148":0,"149":0,"150":0,"151":0,"152":0,"153":0,"154":0,"155":0,"156":0,"157":0,"158":0,"159":0,"160":0,"161":0,"162":0,"163":0,"164":0,"165":0,"166":0,"167":0,"168":0,"169":0,"170":0,"171":0,"172":0,"173":0,"174":0,"175":0,"176":0,"177":0,"178":0,"179":0,"180":0,"181":0,"182":0,"183":0,"184":0,"185":0,"186":0,"187":0,"188":0,"189":0,"190":0,"191":0,"192":0,"193":1,"194":1,"195":5,"196":3,"197":3,"198":1,"199":3,"200":3,"201":2,"202":1,"203":2,"204":1,"205":1,"206":1,"207":1,"208":1,"209":0,"210":1,"211":1,"212":1,"213":1,"214":1,"215":1,"216":1,"217":0,"218":1,"219":1,"220":0,"221":0,"222":0,"223":0,"224":0,"225":0,"226":0,"227":0,"228":0,"229":0,"230":0,"231":0,"232":0,"233":0,"234":0,"235":0,"236":0,"237":0,"238":0,"239":0,"240":0,"241":0,"242":0,"243":0,"244":0,"245":0,"246":0,"247":0,"248":0,"249":0,"250":0,"251":0,"252":0,"253":0,"254":0,"255":0,"256":0,"257":0,"258":0,"259":0,"260":0,"261":0},"f":{"0":0,"1":3,"2":1,"3":1,"4":1,"5":0,"6":1,"7":0,"8":0,"9":0,"10":0,"11":0,"12":0,"13":0,"14":1,"15":0,"16":0,"17":0,"18":0,"19":0,"20":0,"21":0,"22":0,"23":0},"b":{"0":[1,0],"1":[0,0],"2":[0,0],"3":[1,0],"4":[1,0],"5":[0,0],"6":[1,0],"7":[0,0],"8":[0,0],"9":[0,0],"10":[0,0],"11":[0,1],"12":[1,0],"13":[0,1],"14":[0,0],"15":[0,0],"16":[0,0],"17":[0,0],"18":[0,0],"19":[0,0],"20":[3,2],"21":[1,2],"22":[2,1],"23":[1,1],"24":[1,0],"25":[0,1],"26":[1,0],"27":[1,0],"28":[0,1],"29":[0,0],"30":[0,0],"31":[0,0],"32":[0,0],"33":[0,0],"34":[0,0],"35":[0,0]},"_coverageSchema":"1a1c01bbd47fc00a2c39e90264f33305004495a9","hash":"860bc28bff0fd8056ad6591cb60bc84cc1fe3c71"}
,"D:\\programming\\ts\\myplugin\\ts-src\\view.ts": {"path":"D:\\programming\\ts\\myplugin\\ts-src\\view.ts","statementMap":{"0":{"start":{"line":28,"column":44},"end":{"line":40,"column":3}},"1":{"start":{"line":42,"column":4},"end":{"line":42,"column":12}},"2":{"start":{"line":44,"column":4},"end":{"line":44,"column":22}},"3":{"start":{"line":45,"column":4},"end":{"line":45,"column":22}},"4":{"start":{"line":49,"column":4},"end":{"line":49,"column":27}},"5":{"start":{"line":50,"column":4},"end":{"line":50,"column":34}},"6":{"start":{"line":51,"column":4},"end":{"line":51,"column":27}},"7":{"start":{"line":52,"column":4},"end":{"line":76,"column":5}},"8":{"start":{"line":53,"column":6},"end":{"line":53,"column":77}},"9":{"start":{"line":54,"column":6},"end":{"line":54,"column":74}},"10":{"start":{"line":55,"column":18},"end":{"line":59,"column":10}},"11":{"start":{"line":61,"column":6},"end":{"line":61,"column":30}},"12":{"start":{"line":62,"column":6},"end":{"line":62,"column":54}},"13":{"start":{"line":63,"column":6},"end":{"line":75,"column":9}},"14":{"start":{"line":64,"column":8},"end":{"line":64,"column":41}},"15":{"start":{"line":65,"column":8},"end":{"line":65,"column":34}},"16":{"start":{"line":67,"column":8},"end":{"line":67,"column":33}},"17":{"start":{"line":68,"column":8},"end":{"line":74,"column":11}},"18":{"start":{"line":73,"column":10},"end":{"line":73,"column":49}},"19":{"start":{"line":77,"column":4},"end":{"line":82,"column":6}},"20":{"start":{"line":88,"column":17},"end":{"line":88,"column":66}},"21":{"start":{"line":89,"column":23},"end":{"line":89,"column":56}},"22":{"start":{"line":90,"column":22},"end":{"line":90,"column":54}},"23":{"start":{"line":91,"column":24},"end":{"line":91,"column":40}},"24":{"start":{"line":92,"column":25},"end":{"line":92,"column":42}},"25":{"start":{"line":93,"column":20},"end":{"line":93,"column":60}},"26":{"start":{"line":94,"column":4},"end":{"line":94,"column":73}},"27":{"start":{"line":102,"column":17},"end":{"line":104,"column":5}},"28":{"start":{"line":106,"column":4},"end":{"line":110,"column":5}},"29":{"start":{"line":107,"column":6},"end":{"line":107,"column":21}},"30":{"start":{"line":109,"column":6},"end":{"line":109,"column":18}},"31":{"start":{"line":114,"column":4},"end":{"line":117,"column":21}},"32":{"start":{"line":118,"column":4},"end":{"line":121,"column":21}},"33":{"start":{"line":122,"column":4},"end":{"line":125,"column":21}},"34":{"start":{"line":126,"column":4},"end":{"line":129,"column":23}},"35":{"start":{"line":131,"column":4},"end":{"line":134,"column":21}},"36":{"start":{"line":135,"column":4},"end":{"line":138,"column":21}},"37":{"start":{"line":139,"column":4},"end":{"line":142,"column":21}},"38":{"start":{"line":143,"column":4},"end":{"line":146,"column":23}},"39":{"start":{"line":148,"column":61},"end":{"line":152,"column":6}},"40":{"start":{"line":151,"column":6},"end":{"line":151,"column":67}},"41":{"start":{"line":154,"column":4},"end":{"line":154,"column":31}},"42":{"start":{"line":155,"column":4},"end":{"line":157,"column":7}},"43":{"start":{"line":156,"column":6},"end":{"line":156,"column":24}},"44":{"start":{"line":161,"column":4},"end":{"line":177,"column":5}},"45":{"start":{"line":162,"column":6},"end":{"line":176,"column":7}},"46":{"start":{"line":163,"column":8},"end":{"line":175,"column":9}},"47":{"start":{"line":164,"column":10},"end":{"line":174,"column":11}},"48":{"start":{"line":165,"column":12},"end":{"line":165,"column":48}},"49":{"start":{"line":166,"column":17},"end":{"line":174,"column":11}},"50":{"start":{"line":167,"column":12},"end":{"line":167,"column":53}},"51":{"start":{"line":168,"column":17},"end":{"line":174,"column":11}},"52":{"start":{"line":169,"column":12},"end":{"line":169,"column":48}},"53":{"start":{"line":170,"column":17},"end":{"line":174,"column":11}},"54":{"start":{"line":171,"column":12},"end":{"line":173,"column":13}},"55":{"start":{"line":172,"column":14},"end":{"line":172,"column":34}},"56":{"start":{"line":181,"column":19},"end":{"line":181,"column":30}},"57":{"start":{"line":183,"column":22},"end":{"line":183,"column":41}},"58":{"start":{"line":189,"column":4},"end":{"line":195,"column":5}},"59":{"start":{"line":190,"column":6},"end":{"line":190,"column":24}},"60":{"start":{"line":191,"column":6},"end":{"line":191,"column":31}},"61":{"start":{"line":192,"column":11},"end":{"line":195,"column":5}},"62":{"start":{"line":193,"column":6},"end":{"line":193,"column":25}},"63":{"start":{"line":194,"column":6},"end":{"line":194,"column":30}},"64":{"start":{"line":196,"column":4},"end":{"line":200,"column":5}},"65":{"start":{"line":197,"column":6},"end":{"line":197,"column":48}},"66":{"start":{"line":198,"column":11},"end":{"line":200,"column":5}},"67":{"start":{"line":199,"column":6},"end":{"line":199,"column":27}},"68":{"start":{"line":202,"column":18},"end":{"line":202,"column":45}},"69":{"start":{"line":204,"column":20},"end":{"line":208,"column":23}},"70":{"start":{"line":209,"column":22},"end":{"line":213,"column":6}},"71":{"start":{"line":216,"column":4},"end":{"line":229,"column":5}},"72":{"start":{"line":217,"column":6},"end":{"line":217,"column":59}},"73":{"start":{"line":218,"column":6},"end":{"line":223,"column":7}},"74":{"start":{"line":219,"column":8},"end":{"line":219,"column":37}},"75":{"start":{"line":220,"column":8},"end":{"line":220,"column":29}},"76":{"start":{"line":222,"column":8},"end":{"line":222,"column":21}},"77":{"start":{"line":225,"column":6},"end":{"line":225,"column":58}},"78":{"start":{"line":227,"column":6},"end":{"line":227,"column":35}},"79":{"start":{"line":228,"column":6},"end":{"line":228,"column":27}},"80":{"start":{"line":231,"column":4},"end":{"line":231,"column":45}},"81":{"start":{"line":233,"column":4},"end":{"line":237,"column":5}},"82":{"start":{"line":234,"column":6},"end":{"line":234,"column":30}},"83":{"start":{"line":236,"column":6},"end":{"line":236,"column":50}},"84":{"start":{"line":239,"column":18},"end":{"line":239,"column":44}},"85":{"start":{"line":240,"column":4},"end":{"line":240,"column":33}},"86":{"start":{"line":241,"column":4},"end":{"line":241,"column":32}},"87":{"start":{"line":242,"column":4},"end":{"line":242,"column":11}},"88":{"start":{"line":248,"column":20},"end":{"line":248,"column":23}},"89":{"start":{"line":249,"column":24},"end":{"line":249,"column":26}},"90":{"start":{"line":250,"column":18},"end":{"line":250,"column":30}},"91":{"start":{"line":253,"column":4},"end":{"line":261,"column":5}},"92":{"start":{"line":254,"column":6},"end":{"line":254,"column":25}},"93":{"start":{"line":255,"column":6},"end":{"line":255,"column":33}},"94":{"start":{"line":256,"column":6},"end":{"line":256,"column":31}},"95":{"start":{"line":258,"column":6},"end":{"line":258,"column":24}},"96":{"start":{"line":259,"column":6},"end":{"line":259,"column":34}},"97":{"start":{"line":260,"column":6},"end":{"line":260,"column":30}},"98":{"start":{"line":263,"column":19},"end":{"line":263,"column":30}},"99":{"start":{"line":264,"column":24},"end":{"line":264,"column":42}},"100":{"start":{"line":265,"column":25},"end":{"line":265,"column":44}},"101":{"start":{"line":266,"column":18},"end":{"line":266,"column":45}},"102":{"start":{"line":267,"column":20},"end":{"line":267,"column":49}},"103":{"start":{"line":269,"column":4},"end":{"line":271,"column":5}},"104":{"start":{"line":270,"column":6},"end":{"line":270,"column":39}},"105":{"start":{"line":277,"column":4},"end":{"line":288,"column":5}},"106":{"start":{"line":278,"column":6},"end":{"line":278,"column":40}},"107":{"start":{"line":280,"column":6},"end":{"line":280,"column":40}},"108":{"start":{"line":291,"column":4},"end":{"line":295,"column":6}},"109":{"start":{"line":299,"column":4},"end":{"line":301,"column":5}},"110":{"start":{"line":300,"column":6},"end":{"line":300,"column":19}},"111":{"start":{"line":302,"column":19},"end":{"line":302,"column":51}},"112":{"start":{"line":303,"column":24},"end":{"line":303,"column":42}},"113":{"start":{"line":304,"column":16},"end":{"line":304,"column":38}},"114":{"start":{"line":305,"column":28},"end":{"line":305,"column":47}},"115":{"start":{"line":307,"column":57},"end":{"line":309,"column":6}},"116":{"start":{"line":310,"column":4},"end":{"line":311,"column":78}},"117":{"start":{"line":313,"column":4},"end":{"line":313,"column":45}},"118":{"start":{"line":314,"column":4},"end":{"line":314,"column":70}},"119":{"start":{"line":315,"column":4},"end":{"line":315,"column":59}},"120":{"start":{"line":317,"column":4},"end":{"line":329,"column":5}},"121":{"start":{"line":318,"column":6},"end":{"line":328,"column":7}},"122":{"start":{"line":319,"column":21},"end":{"line":319,"column":61}},"123":{"start":{"line":320,"column":8},"end":{"line":327,"column":9}},"124":{"start":{"line":321,"column":10},"end":{"line":325,"column":11}},"125":{"start":{"line":323,"column":25},"end":{"line":323,"column":65}},"126":{"start":{"line":324,"column":12},"end":{"line":324,"column":58}},"127":{"start":{"line":326,"column":10},"end":{"line":326,"column":53}},"128":{"start":{"line":330,"column":4},"end":{"line":330,"column":28}},"129":{"start":{"line":337,"column":4},"end":{"line":345,"column":5}},"130":{"start":{"line":338,"column":6},"end":{"line":338,"column":28}},"131":{"start":{"line":339,"column":6},"end":{"line":339,"column":30}},"132":{"start":{"line":340,"column":6},"end":{"line":340,"column":25}},"133":{"start":{"line":341,"column":11},"end":{"line":345,"column":5}},"134":{"start":{"line":342,"column":6},"end":{"line":342,"column":27}},"135":{"start":{"line":343,"column":6},"end":{"line":343,"column":31}},"136":{"start":{"line":344,"column":6},"end":{"line":344,"column":24}},"137":{"start":{"line":347,"column":22},"end":{"line":347,"column":62}},"138":{"start":{"line":351,"column":22},"end":{"line":351,"column":72}},"139":{"start":{"line":353,"column":19},"end":{"line":353,"column":50}},"140":{"start":{"line":354,"column":25},"end":{"line":354,"column":55}},"141":{"start":{"line":356,"column":4},"end":{"line":356,"column":71}},"142":{"start":{"line":357,"column":4},"end":{"line":357,"column":69}},"143":{"start":{"line":361,"column":17},"end":{"line":361,"column":60}},"144":{"start":{"line":363,"column":4},"end":{"line":363,"column":39}},"145":{"start":{"line":367,"column":22},"end":{"line":367,"column":41}},"146":{"start":{"line":368,"column":18},"end":{"line":368,"column":26}},"147":{"start":{"line":370,"column":4},"end":{"line":376,"column":5}},"148":{"start":{"line":371,"column":24},"end":{"line":371,"column":51}},"149":{"start":{"line":372,"column":6},"end":{"line":375,"column":7}},"150":{"start":{"line":373,"column":8},"end":{"line":373,"column":28}},"151":{"start":{"line":374,"column":8},"end":{"line":374,"column":29}},"152":{"start":{"line":379,"column":4},"end":{"line":385,"column":5}},"153":{"start":{"line":380,"column":19},"end":{"line":380,"column":59}},"154":{"start":{"line":381,"column":6},"end":{"line":384,"column":7}},"155":{"start":{"line":382,"column":8},"end":{"line":382,"column":23}},"156":{"start":{"line":383,"column":8},"end":{"line":383,"column":19}},"157":{"start":{"line":389,"column":4},"end":{"line":408,"column":7}},"158":{"start":{"line":390,"column":6},"end":{"line":408,"column":7}},"159":{"start":{"line":395,"column":8},"end":{"line":405,"column":9}},"160":{"start":{"line":396,"column":10},"end":{"line":396,"column":32}},"161":{"start":{"line":397,"column":10},"end":{"line":397,"column":34}},"162":{"start":{"line":398,"column":10},"end":{"line":398,"column":29}},"163":{"start":{"line":399,"column":10},"end":{"line":399,"column":32}},"164":{"start":{"line":400,"column":15},"end":{"line":405,"column":9}},"165":{"start":{"line":401,"column":10},"end":{"line":401,"column":31}},"166":{"start":{"line":402,"column":10},"end":{"line":402,"column":35}},"167":{"start":{"line":403,"column":10},"end":{"line":403,"column":28}},"168":{"start":{"line":404,"column":10},"end":{"line":404,"column":31}},"169":{"start":{"line":407,"column":8},"end":{"line":407,"column":60}},"170":{"start":{"line":414,"column":2},"end":{"line":418,"column":3}},"171":{"start":{"line":415,"column":4},"end":{"line":415,"column":40}},"172":{"start":{"line":417,"column":4},"end":{"line":417,"column":14}},"173":{"start":{"line":420,"column":2},"end":{"line":420,"column":15}}},"fnMap":{"0":{"name":"(anonymous_0)","decl":{"start":{"line":41,"column":2},"end":{"line":41,"column":3}},"loc":{"start":{"line":41,"column":35},"end":{"line":46,"column":3}},"line":41},"1":{"name":"(anonymous_1)","decl":{"start":{"line":48,"column":2},"end":{"line":48,"column":3}},"loc":{"start":{"line":48,"column":39},"end":{"line":83,"column":3}},"line":48},"2":{"name":"(anonymous_2)","decl":{"start":{"line":63,"column":54},"end":{"line":63,"column":55}},"loc":{"start":{"line":63,"column":64},"end":{"line":75,"column":7}},"line":63},"3":{"name":"(anonymous_3)","decl":{"start":{"line":72,"column":18},"end":{"line":72,"column":19}},"loc":{"start":{"line":72,"column":28},"end":{"line":74,"column":9}},"line":72},"4":{"name":"(anonymous_4)","decl":{"start":{"line":85,"column":2},"end":{"line":85,"column":3}},"loc":{"start":{"line":85,"column":48},"end":{"line":95,"column":3}},"line":85},"5":{"name":"(anonymous_5)","decl":{"start":{"line":97,"column":2},"end":{"line":97,"column":3}},"loc":{"start":{"line":101,"column":33},"end":{"line":111,"column":3}},"line":101},"6":{"name":"(anonymous_6)","decl":{"start":{"line":113,"column":2},"end":{"line":113,"column":3}},"loc":{"start":{"line":113,"column":62},"end":{"line":158,"column":3}},"line":113},"7":{"name":"(anonymous_7)","decl":{"start":{"line":150,"column":10},"end":{"line":150,"column":11}},"loc":{"start":{"line":150,"column":33},"end":{"line":152,"column":5}},"line":150},"8":{"name":"(anonymous_8)","decl":{"start":{"line":155,"column":40},"end":{"line":155,"column":41}},"loc":{"start":{"line":155,"column":50},"end":{"line":157,"column":5}},"line":155},"9":{"name":"(anonymous_9)","decl":{"start":{"line":160,"column":2},"end":{"line":160,"column":3}},"loc":{"start":{"line":160,"column":35},"end":{"line":178,"column":3}},"line":160},"10":{"name":"(anonymous_10)","decl":{"start":{"line":180,"column":2},"end":{"line":180,"column":3}},"loc":{"start":{"line":180,"column":51},"end":{"line":245,"column":3}},"line":180},"11":{"name":"(anonymous_11)","decl":{"start":{"line":247,"column":2},"end":{"line":247,"column":3}},"loc":{"start":{"line":247,"column":52},"end":{"line":296,"column":3}},"line":247},"12":{"name":"(anonymous_12)","decl":{"start":{"line":298,"column":2},"end":{"line":298,"column":3}},"loc":{"start":{"line":298,"column":40},"end":{"line":331,"column":3}},"line":298},"13":{"name":"(anonymous_13)","decl":{"start":{"line":333,"column":2},"end":{"line":333,"column":3}},"loc":{"start":{"line":333,"column":36},"end":{"line":358,"column":3}},"line":333},"14":{"name":"(anonymous_14)","decl":{"start":{"line":360,"column":2},"end":{"line":360,"column":3}},"loc":{"start":{"line":360,"column":34},"end":{"line":364,"column":3}},"line":360},"15":{"name":"(anonymous_15)","decl":{"start":{"line":366,"column":2},"end":{"line":366,"column":3}},"loc":{"start":{"line":366,"column":35},"end":{"line":386,"column":3}},"line":366},"16":{"name":"(anonymous_16)","decl":{"start":{"line":388,"column":2},"end":{"line":388,"column":3}},"loc":{"start":{"line":388,"column":45},"end":{"line":409,"column":3}},"line":388},"17":{"name":"numberOfDigits","decl":{"start":{"line":412,"column":9},"end":{"line":412,"column":23}},"loc":{"start":{"line":412,"column":27},"end":{"line":421,"column":1}},"line":412}},"branchMap":{"0":{"loc":{"start":{"line":52,"column":4},"end":{"line":76,"column":5}},"type":"if","locations":[{"start":{"line":52,"column":4},"end":{"line":76,"column":5}},{"start":{"line":52,"column":4},"end":{"line":76,"column":5}}],"line":52},"1":{"loc":{"start":{"line":100,"column":4},"end":{"line":100,"column":34}},"type":"default-arg","locations":[{"start":{"line":100,"column":24},"end":{"line":100,"column":34}}],"line":100},"2":{"loc":{"start":{"line":106,"column":4},"end":{"line":110,"column":5}},"type":"if","locations":[{"start":{"line":106,"column":4},"end":{"line":110,"column":5}},{"start":{"line":106,"column":4},"end":{"line":110,"column":5}}],"line":106},"3":{"loc":{"start":{"line":162,"column":6},"end":{"line":176,"column":7}},"type":"if","locations":[{"start":{"line":162,"column":6},"end":{"line":176,"column":7}},{"start":{"line":162,"column":6},"end":{"line":176,"column":7}}],"line":162},"4":{"loc":{"start":{"line":164,"column":10},"end":{"line":174,"column":11}},"type":"if","locations":[{"start":{"line":164,"column":10},"end":{"line":174,"column":11}},{"start":{"line":164,"column":10},"end":{"line":174,"column":11}}],"line":164},"5":{"loc":{"start":{"line":166,"column":17},"end":{"line":174,"column":11}},"type":"if","locations":[{"start":{"line":166,"column":17},"end":{"line":174,"column":11}},{"start":{"line":166,"column":17},"end":{"line":174,"column":11}}],"line":166},"6":{"loc":{"start":{"line":168,"column":17},"end":{"line":174,"column":11}},"type":"if","locations":[{"start":{"line":168,"column":17},"end":{"line":174,"column":11}},{"start":{"line":168,"column":17},"end":{"line":174,"column":11}}],"line":168},"7":{"loc":{"start":{"line":170,"column":17},"end":{"line":174,"column":11}},"type":"if","locations":[{"start":{"line":170,"column":17},"end":{"line":174,"column":11}},{"start":{"line":170,"column":17},"end":{"line":174,"column":11}}],"line":170},"8":{"loc":{"start":{"line":189,"column":4},"end":{"line":195,"column":5}},"type":"if","locations":[{"start":{"line":189,"column":4},"end":{"line":195,"column":5}},{"start":{"line":189,"column":4},"end":{"line":195,"column":5}}],"line":189},"9":{"loc":{"start":{"line":192,"column":11},"end":{"line":195,"column":5}},"type":"if","locations":[{"start":{"line":192,"column":11},"end":{"line":195,"column":5}},{"start":{"line":192,"column":11},"end":{"line":195,"column":5}}],"line":192},"10":{"loc":{"start":{"line":196,"column":4},"end":{"line":200,"column":5}},"type":"if","locations":[{"start":{"line":196,"column":4},"end":{"line":200,"column":5}},{"start":{"line":196,"column":4},"end":{"line":200,"column":5}}],"line":196},"11":{"loc":{"start":{"line":198,"column":11},"end":{"line":200,"column":5}},"type":"if","locations":[{"start":{"line":198,"column":11},"end":{"line":200,"column":5}},{"start":{"line":198,"column":11},"end":{"line":200,"column":5}}],"line":198},"12":{"loc":{"start":{"line":216,"column":4},"end":{"line":229,"column":5}},"type":"if","locations":[{"start":{"line":216,"column":4},"end":{"line":229,"column":5}},{"start":{"line":216,"column":4},"end":{"line":229,"column":5}}],"line":216},"13":{"loc":{"start":{"line":218,"column":6},"end":{"line":223,"column":7}},"type":"if","locations":[{"start":{"line":218,"column":6},"end":{"line":223,"column":7}},{"start":{"line":218,"column":6},"end":{"line":223,"column":7}}],"line":218},"14":{"loc":{"start":{"line":233,"column":4},"end":{"line":237,"column":5}},"type":"if","locations":[{"start":{"line":233,"column":4},"end":{"line":237,"column":5}},{"start":{"line":233,"column":4},"end":{"line":237,"column":5}}],"line":233},"15":{"loc":{"start":{"line":253,"column":4},"end":{"line":261,"column":5}},"type":"if","locations":[{"start":{"line":253,"column":4},"end":{"line":261,"column":5}},{"start":{"line":253,"column":4},"end":{"line":261,"column":5}}],"line":253},"16":{"loc":{"start":{"line":269,"column":4},"end":{"line":271,"column":5}},"type":"if","locations":[{"start":{"line":269,"column":4},"end":{"line":271,"column":5}},{"start":{"line":269,"column":4},"end":{"line":271,"column":5}}],"line":269},"17":{"loc":{"start":{"line":277,"column":4},"end":{"line":288,"column":5}},"type":"if","locations":[{"start":{"line":277,"column":4},"end":{"line":288,"column":5}},{"start":{"line":277,"column":4},"end":{"line":288,"column":5}}],"line":277},"18":{"loc":{"start":{"line":299,"column":4},"end":{"line":301,"column":5}},"type":"if","locations":[{"start":{"line":299,"column":4},"end":{"line":301,"column":5}},{"start":{"line":299,"column":4},"end":{"line":301,"column":5}}],"line":299},"19":{"loc":{"start":{"line":317,"column":4},"end":{"line":329,"column":5}},"type":"if","locations":[{"start":{"line":317,"column":4},"end":{"line":329,"column":5}},{"start":{"line":317,"column":4},"end":{"line":329,"column":5}}],"line":317},"20":{"loc":{"start":{"line":320,"column":8},"end":{"line":327,"column":9}},"type":"if","locations":[{"start":{"line":320,"column":8},"end":{"line":327,"column":9}},{"start":{"line":320,"column":8},"end":{"line":327,"column":9}}],"line":320},"21":{"loc":{"start":{"line":337,"column":4},"end":{"line":345,"column":5}},"type":"if","locations":[{"start":{"line":337,"column":4},"end":{"line":345,"column":5}},{"start":{"line":337,"column":4},"end":{"line":345,"column":5}}],"line":337},"22":{"loc":{"start":{"line":341,"column":11},"end":{"line":345,"column":5}},"type":"if","locations":[{"start":{"line":341,"column":11},"end":{"line":345,"column":5}},{"start":{"line":341,"column":11},"end":{"line":345,"column":5}}],"line":341},"23":{"loc":{"start":{"line":351,"column":22},"end":{"line":351,"column":72}},"type":"binary-expr","locations":[{"start":{"line":351,"column":22},"end":{"line":351,"column":64}},{"start":{"line":351,"column":68},"end":{"line":351,"column":72}}],"line":351},"24":{"loc":{"start":{"line":372,"column":6},"end":{"line":375,"column":7}},"type":"if","locations":[{"start":{"line":372,"column":6},"end":{"line":375,"column":7}},{"start":{"line":372,"column":6},"end":{"line":375,"column":7}}],"line":372},"25":{"loc":{"start":{"line":381,"column":6},"end":{"line":384,"column":7}},"type":"if","locations":[{"start":{"line":381,"column":6},"end":{"line":384,"column":7}},{"start":{"line":381,"column":6},"end":{"line":384,"column":7}}],"line":381},"26":{"loc":{"start":{"line":390,"column":6},"end":{"line":408,"column":7}},"type":"if","locations":[{"start":{"line":390,"column":6},"end":{"line":408,"column":7}},{"start":{"line":390,"column":6},"end":{"line":408,"column":7}}],"line":390},"27":{"loc":{"start":{"line":390,"column":10},"end":{"line":390,"column":51}},"type":"binary-expr","locations":[{"start":{"line":390,"column":10},"end":{"line":390,"column":30}},{"start":{"line":390,"column":34},"end":{"line":390,"column":51}}],"line":390},"28":{"loc":{"start":{"line":395,"column":8},"end":{"line":405,"column":9}},"type":"if","locations":[{"start":{"line":395,"column":8},"end":{"line":405,"column":9}},{"start":{"line":395,"column":8},"end":{"line":405,"column":9}}],"line":395},"29":{"loc":{"start":{"line":395,"column":12},"end":{"line":395,"column":49}},"type":"binary-expr","locations":[{"start":{"line":395,"column":12},"end":{"line":395,"column":33}},{"start":{"line":395,"column":37},"end":{"line":395,"column":49}}],"line":395},"30":{"loc":{"start":{"line":400,"column":15},"end":{"line":405,"column":9}},"type":"if","locations":[{"start":{"line":400,"column":15},"end":{"line":405,"column":9}},{"start":{"line":400,"column":15},"end":{"line":405,"column":9}}],"line":400},"31":{"loc":{"start":{"line":400,"column":19},"end":{"line":400,"column":54}},"type":"binary-expr","locations":[{"start":{"line":400,"column":19},"end":{"line":400,"column":38}},{"start":{"line":400,"column":42},"end":{"line":400,"column":54}}],"line":400},"32":{"loc":{"start":{"line":414,"column":2},"end":{"line":418,"column":3}},"type":"if","locations":[{"start":{"line":414,"column":2},"end":{"line":418,"column":3}},{"start":{"line":414,"column":2},"end":{"line":418,"column":3}}],"line":414}},"s":{"0":3,"1":3,"2":3,"3":3,"4":0,"5":0,"6":0,"7":0,"8":0,"9":0,"10":0,"11":0,"12":0,"13":0,"14":0,"15":0,"16":0,"17":0,"18":0,"19":0,"20":1,"21":0,"22":0,"23":0,"24":0,"25":0,"26":0,"27":1,"28":1,"29":1,"30":0,"31":0,"32":0,"33":0,"34":0,"35":0,"36":0,"37":0,"38":0,"39":0,"40":0,"41":0,"42":0,"43":0,"44":0,"45":0,"46":0,"47":0,"48":0,"49":0,"50":0,"51":0,"52":0,"53":0,"54":0,"55":0,"56":0,"57":0,"58":0,"59":0,"60":0,"61":0,"62":0,"63":0,"64":0,"65":0,"66":0,"67":0,"68":0,"69":0,"70":0,"71":0,"72":0,"73":0,"74":0,"75":0,"76":0,"77":0,"78":0,"79":0,"80":0,"81":0,"82":0,"83":0,"84":0,"85":0,"86":0,"87":0,"88":0,"89":0,"90":0,"91":0,"92":0,"93":0,"94":0,"95":0,"96":0,"97":0,"98":0,"99":0,"100":0,"101":0,"102":0,"103":0,"104":0,"105":0,"106":0,"107":0,"108":0,"109":0,"110":0,"111":0,"112":0,"113":0,"114":0,"115":0,"116":0,"117":0,"118":0,"119":0,"120":0,"121":0,"122":0,"123":0,"124":0,"125":0,"126":0,"127":0,"128":0,"129":0,"130":0,"131":0,"132":0,"133":0,"134":0,"135":0,"136":0,"137":0,"138":0,"139":0,"140":0,"141":0,"142":0,"143":0,"144":0,"145":0,"146":0,"147":0,"148":0,"149":0,"150":0,"151":0,"152":0,"153":0,"154":0,"155":0,"156":0,"157":0,"158":0,"159":0,"160":0,"161":0,"162":0,"163":0,"164":0,"165":0,"166":0,"167":0,"168":0,"169":0,"170":0,"171":0,"172":0,"173":0},"f":{"0":3,"1":0,"2":0,"3":0,"4":1,"5":1,"6":0,"7":0,"8":0,"9":0,"10":0,"11":0,"12":0,"13":0,"14":0,"15":0,"16":0,"17":0},"b":{"0":[0,0],"1":[0],"2":[1,0],"3":[0,0],"4":[0,0],"5":[0,0],"6":[0,0],"7":[0,0],"8":[0,0],"9":[0,0],"10":[0,0],"11":[0,0],"12":[0,0],"13":[0,0],"14":[0,0],"15":[0,0],"16":[0,0],"17":[0,0],"18":[0,0],"19":[0,0],"20":[0,0],"21":[0,0],"22":[0,0],"23":[0,0],"24":[0,0],"25":[0,0],"26":[0,0],"27":[0,0],"28":[0,0],"29":[0,0],"30":[0,0],"31":[0,0],"32":[0,0]},"_coverageSchema":"1a1c01bbd47fc00a2c39e90264f33305004495a9","hash":"f1b71f4b3e8c0f47c6570cae7d8a6f8fb67104bd"}
,"D:\\programming\\ts\\myplugin\\ts-src\\testing\\setup.js": {"path":"D:\\programming\\ts\\myplugin\\ts-src\\testing\\setup.js","statementMap":{"0":{"start":{"line":2,"column":18},"end":{"line":2,"column":23}},"1":{"start":{"line":4,"column":23},"end":{"line":4,"column":49}},"2":{"start":{"line":5,"column":0},"end":{"line":5,"column":62}},"3":{"start":{"line":5,"column":35},"end":{"line":5,"column":58}},"4":{"start":{"line":6,"column":0},"end":{"line":6,"column":61}},"5":{"start":{"line":6,"column":34},"end":{"line":6,"column":57}},"6":{"start":{"line":7,"column":0},"end":{"line":7,"column":61}},"7":{"start":{"line":7,"column":34},"end":{"line":7,"column":57}},"8":{"start":{"line":8,"column":0},"end":{"line":8,"column":60}},"9":{"start":{"line":8,"column":33},"end":{"line":8,"column":56}},"10":{"start":{"line":9,"column":10},"end":{"line":9,"column":108}}},"fnMap":{"0":{"name":"(anonymous_0)","decl":{"start":{"line":5,"column":27},"end":{"line":5,"column":28}},"loc":{"start":{"line":5,"column":33},"end":{"line":5,"column":60}},"line":5},"1":{"name":"(anonymous_1)","decl":{"start":{"line":6,"column":26},"end":{"line":6,"column":27}},"loc":{"start":{"line":6,"column":32},"end":{"line":6,"column":59}},"line":6},"2":{"name":"(anonymous_2)","decl":{"start":{"line":7,"column":26},"end":{"line":7,"column":27}},"loc":{"start":{"line":7,"column":32},"end":{"line":7,"column":59}},"line":7},"3":{"name":"(anonymous_3)","decl":{"start":{"line":8,"column":25},"end":{"line":8,"column":26}},"loc":{"start":{"line":8,"column":31},"end":{"line":8,"column":58}},"line":8}},"branchMap":{},"s":{"0":1,"1":1,"2":1,"3":0,"4":1,"5":0,"6":1,"7":0,"8":1,"9":0,"10":1},"f":{"0":0,"1":0,"2":0,"3":0},"b":{},"_coverageSchema":"1a1c01bbd47fc00a2c39e90264f33305004495a9","hash":"03d8bcba2607e14eac9d68408f25318b8b62b648"}
}
