{"D:\\programming\\ts\\myplugin\\ts-src\\eventemitter.ts": {"path":"D:\\programming\\ts\\myplugin\\ts-src\\eventemitter.ts","statementMap":{"0":{"start":{"line":12,"column":4},"end":{"line":12,"column":55}},"1":{"start":{"line":12,"column":30},"end":{"line":12,"column":55}},"2":{"start":{"line":13,"column":4},"end":{"line":15,"column":5}},"3":{"start":{"line":14,"column":6},"end":{"line":14,"column":42}},"4":{"start":{"line":16,"column":4},"end":{"line":16,"column":49}},"5":{"start":{"line":20,"column":21},"end":{"line":20,"column":74}},"6":{"start":{"line":21,"column":4},"end":{"line":21,"column":26}},"7":{"start":{"line":21,"column":19},"end":{"line":21,"column":26}},"8":{"start":{"line":22,"column":4},"end":{"line":26,"column":5}},"9":{"start":{"line":22,"column":17},"end":{"line":22,"column":18}},"10":{"start":{"line":23,"column":6},"end":{"line":25,"column":7}},"11":{"start":{"line":24,"column":8},"end":{"line":24,"column":32}},"12":{"start":{"line":35,"column":4},"end":{"line":37,"column":5}},"13":{"start":{"line":36,"column":6},"end":{"line":36,"column":13}},"14":{"start":{"line":39,"column":4},"end":{"line":44,"column":7}},"15":{"start":{"line":40,"column":21},"end":{"line":40,"column":48}},"16":{"start":{"line":42,"column":6},"end":{"line":42,"column":17}},"17":{"start":{"line":43,"column":6},"end":{"line":43,"column":20}},"18":{"start":{"line":45,"column":4},"end":{"line":45,"column":13}}},"fnMap":{"0":{"name":"(anonymous_0)","decl":{"start":{"line":11,"column":2},"end":{"line":11,"column":3}},"loc":{"start":{"line":11,"column":43},"end":{"line":17,"column":3}},"line":11},"1":{"name":"(anonymous_1)","decl":{"start":{"line":19,"column":2},"end":{"line":19,"column":3}},"loc":{"start":{"line":19,"column":44},"end":{"line":27,"column":3}},"line":19},"2":{"name":"(anonymous_2)","decl":{"start":{"line":33,"column":2},"end":{"line":33,"column":3}},"loc":{"start":{"line":33,"column":38},"end":{"line":46,"column":3}},"line":33},"3":{"name":"(anonymous_3)","decl":{"start":{"line":39,"column":43},"end":{"line":39,"column":44}},"loc":{"start":{"line":39,"column":56},"end":{"line":44,"column":5}},"line":39}},"branchMap":{"0":{"loc":{"start":{"line":12,"column":4},"end":{"line":12,"column":55}},"type":"if","locations":[{"start":{"line":12,"column":4},"end":{"line":12,"column":55}},{"start":{"line":12,"column":4},"end":{"line":12,"column":55}}],"line":12},"1":{"loc":{"start":{"line":13,"column":4},"end":{"line":15,"column":5}},"type":"if","locations":[{"start":{"line":13,"column":4},"end":{"line":15,"column":5}},{"start":{"line":13,"column":4},"end":{"line":15,"column":5}}],"line":13},"2":{"loc":{"start":{"line":20,"column":21},"end":{"line":20,"column":74}},"type":"binary-expr","locations":[{"start":{"line":20,"column":21},"end":{"line":20,"column":40}},{"start":{"line":20,"column":44},"end":{"line":20,"column":74}}],"line":20},"3":{"loc":{"start":{"line":21,"column":4},"end":{"line":21,"column":26}},"type":"if","locations":[{"start":{"line":21,"column":4},"end":{"line":21,"column":26}},{"start":{"line":21,"column":4},"end":{"line":21,"column":26}}],"line":21},"4":{"loc":{"start":{"line":23,"column":6},"end":{"line":25,"column":7}},"type":"if","locations":[{"start":{"line":23,"column":6},"end":{"line":25,"column":7}},{"start":{"line":23,"column":6},"end":{"line":25,"column":7}}],"line":23},"5":{"loc":{"start":{"line":35,"column":4},"end":{"line":37,"column":5}},"type":"if","locations":[{"start":{"line":35,"column":4},"end":{"line":37,"column":5}},{"start":{"line":35,"column":4},"end":{"line":37,"column":5}}],"line":35},"6":{"loc":{"start":{"line":35,"column":8},"end":{"line":35,"column":63}},"type":"binary-expr","locations":[{"start":{"line":35,"column":8},"end":{"line":35,"column":28}},{"start":{"line":35,"column":32},"end":{"line":35,"column":63}}],"line":35}},"s":{"0":0,"1":0,"2":0,"3":0,"4":0,"5":0,"6":0,"7":0,"8":0,"9":0,"10":0,"11":0,"12":11,"13":11,"14":0,"15":0,"16":0,"17":0,"18":0},"f":{"0":0,"1":0,"2":11,"3":0},"b":{"0":[0,0],"1":[0,0],"2":[0,0],"3":[0,0],"4":[0,0],"5":[11,0],"6":[11,0]},"_coverageSchema":"1a1c01bbd47fc00a2c39e90264f33305004495a9","hash":"9f356c9bc4554cc8e5721f7187e232b6def41c39"}
,"D:\\programming\\ts\\myplugin\\ts-src\\model.ts": {"path":"D:\\programming\\ts\\myplugin\\ts-src\\model.ts","statementMap":{"0":{"start":{"line":4,"column":17},"end":{"line":4,"column":34}},"1":{"start":{"line":5,"column":2},"end":{"line":5,"column":16}},"2":{"start":{"line":64,"column":46},"end":{"line":69,"column":3}},"3":{"start":{"line":70,"column":49},"end":{"line":70,"column":58}},"4":{"start":{"line":71,"column":27},"end":{"line":80,"column":3}},"5":{"start":{"line":82,"column":31},"end":{"line":111,"column":3}},"6":{"start":{"line":113,"column":4},"end":{"line":113,"column":12}},"7":{"start":{"line":114,"column":4},"end":{"line":114,"column":22}},"8":{"start":{"line":115,"column":4},"end":{"line":115,"column":30}},"9":{"start":{"line":119,"column":4},"end":{"line":127,"column":5}},"10":{"start":{"line":120,"column":6},"end":{"line":126,"column":9}},"11":{"start":{"line":121,"column":8},"end":{"line":125,"column":9}},"12":{"start":{"line":122,"column":10},"end":{"line":122,"column":52}},"13":{"start":{"line":124,"column":10},"end":{"line":124,"column":45}},"14":{"start":{"line":128,"column":4},"end":{"line":128,"column":26}},"15":{"start":{"line":131,"column":4},"end":{"line":131,"column":49}},"16":{"start":{"line":132,"column":4},"end":{"line":133,"column":56}},"17":{"start":{"line":134,"column":17},"end":{"line":134,"column":48}},"18":{"start":{"line":136,"column":4},"end":{"line":140,"column":5}},"19":{"start":{"line":137,"column":6},"end":{"line":137,"column":64}},"20":{"start":{"line":138,"column":11},"end":{"line":140,"column":5}},"21":{"start":{"line":139,"column":6},"end":{"line":139,"column":76}},"22":{"start":{"line":141,"column":4},"end":{"line":142,"column":64}},"23":{"start":{"line":144,"column":4},"end":{"line":144,"column":27}},"24":{"start":{"line":149,"column":4},"end":{"line":161,"column":5}},"25":{"start":{"line":153,"column":6},"end":{"line":154,"column":80}},"26":{"start":{"line":155,"column":11},"end":{"line":161,"column":5}},"27":{"start":{"line":159,"column":6},"end":{"line":160,"column":80}},"28":{"start":{"line":166,"column":16},"end":{"line":166,"column":38}},"29":{"start":{"line":167,"column":16},"end":{"line":167,"column":38}},"30":{"start":{"line":168,"column":21},"end":{"line":168,"column":44}},"31":{"start":{"line":169,"column":21},"end":{"line":169,"column":44}},"32":{"start":{"line":170,"column":4},"end":{"line":181,"column":5}},"33":{"start":{"line":171,"column":6},"end":{"line":177,"column":7}},"34":{"start":{"line":172,"column":8},"end":{"line":172,"column":24}},"35":{"start":{"line":173,"column":8},"end":{"line":173,"column":30}},"36":{"start":{"line":174,"column":13},"end":{"line":177,"column":7}},"37":{"start":{"line":175,"column":8},"end":{"line":175,"column":24}},"38":{"start":{"line":176,"column":8},"end":{"line":176,"column":30}},"39":{"start":{"line":178,"column":6},"end":{"line":178,"column":18}},"40":{"start":{"line":180,"column":6},"end":{"line":180,"column":19}},"41":{"start":{"line":185,"column":23},"end":{"line":185,"column":48}},"42":{"start":{"line":186,"column":23},"end":{"line":186,"column":48}},"43":{"start":{"line":187,"column":21},"end":{"line":187,"column":44}},"44":{"start":{"line":188,"column":15},"end":{"line":188,"column":16}},"45":{"start":{"line":189,"column":17},"end":{"line":189,"column":18}},"46":{"start":{"line":191,"column":4},"end":{"line":197,"column":5}},"47":{"start":{"line":192,"column":6},"end":{"line":192,"column":20}},"48":{"start":{"line":193,"column":6},"end":{"line":193,"column":40}},"49":{"start":{"line":194,"column":11},"end":{"line":197,"column":5}},"50":{"start":{"line":195,"column":6},"end":{"line":195,"column":20}},"51":{"start":{"line":196,"column":6},"end":{"line":196,"column":41}},"52":{"start":{"line":198,"column":4},"end":{"line":198,"column":33}},"53":{"start":{"line":199,"column":4},"end":{"line":201,"column":5}},"54":{"start":{"line":200,"column":6},"end":{"line":200,"column":31}},"55":{"start":{"line":203,"column":4},"end":{"line":206,"column":5}},"56":{"start":{"line":204,"column":6},"end":{"line":204,"column":33}},"57":{"start":{"line":205,"column":6},"end":{"line":205,"column":50}},"58":{"start":{"line":207,"column":4},"end":{"line":221,"column":5}},"59":{"start":{"line":208,"column":6},"end":{"line":208,"column":39}},"60":{"start":{"line":210,"column":6},"end":{"line":211,"column":78}},"61":{"start":{"line":213,"column":30},"end":{"line":213,"column":56}},"62":{"start":{"line":215,"column":6},"end":{"line":215,"column":46}},"63":{"start":{"line":217,"column":6},"end":{"line":220,"column":7}},"64":{"start":{"line":218,"column":8},"end":{"line":218,"column":67}},"65":{"start":{"line":219,"column":8},"end":{"line":219,"column":31}},"66":{"start":{"line":226,"column":4},"end":{"line":230,"column":5}},"67":{"start":{"line":227,"column":6},"end":{"line":227,"column":28}},"68":{"start":{"line":228,"column":11},"end":{"line":230,"column":5}},"69":{"start":{"line":229,"column":6},"end":{"line":229,"column":27}},"70":{"start":{"line":232,"column":6},"end":{"line":235,"column":33}},"71":{"start":{"line":236,"column":4},"end":{"line":239,"column":6}},"72":{"start":{"line":244,"column":4},"end":{"line":249,"column":5}},"73":{"start":{"line":245,"column":6},"end":{"line":245,"column":21}},"74":{"start":{"line":247,"column":6},"end":{"line":248,"column":78}},"75":{"start":{"line":251,"column":17},"end":{"line":251,"column":78}},"76":{"start":{"line":252,"column":4},"end":{"line":252,"column":28}},"77":{"start":{"line":253,"column":4},"end":{"line":253,"column":31}},"78":{"start":{"line":254,"column":4},"end":{"line":254,"column":32}},"79":{"start":{"line":255,"column":4},"end":{"line":258,"column":5}},"80":{"start":{"line":256,"column":6},"end":{"line":256,"column":50}},"81":{"start":{"line":257,"column":6},"end":{"line":257,"column":13}},"82":{"start":{"line":259,"column":4},"end":{"line":259,"column":11}},"83":{"start":{"line":263,"column":4},"end":{"line":263,"column":30}},"84":{"start":{"line":264,"column":4},"end":{"line":264,"column":26}},"85":{"start":{"line":268,"column":4},"end":{"line":268,"column":33}},"86":{"start":{"line":271,"column":4},"end":{"line":271,"column":41}},"87":{"start":{"line":275,"column":4},"end":{"line":275,"column":34}},"88":{"start":{"line":279,"column":4},"end":{"line":279,"column":26}},"89":{"start":{"line":283,"column":4},"end":{"line":283,"column":22}},"90":{"start":{"line":286,"column":21},"end":{"line":286,"column":34}},"91":{"start":{"line":288,"column":4},"end":{"line":288,"column":42}},"92":{"start":{"line":290,"column":18},"end":{"line":290,"column":58}},"93":{"start":{"line":291,"column":19},"end":{"line":291,"column":59}},"94":{"start":{"line":293,"column":18},"end":{"line":293,"column":41}},"95":{"start":{"line":294,"column":17},"end":{"line":294,"column":40}},"96":{"start":{"line":296,"column":4},"end":{"line":299,"column":6}}},"fnMap":{"0":{"name":"divisionFloor","decl":{"start":{"line":3,"column":9},"end":{"line":3,"column":22}},"loc":{"start":{"line":3,"column":53},"end":{"line":6,"column":1}},"line":3},"1":{"name":"(anonymous_1)","decl":{"start":{"line":112,"column":2},"end":{"line":112,"column":3}},"loc":{"start":{"line":112,"column":29},"end":{"line":116,"column":3}},"line":112},"2":{"name":"(anonymous_2)","decl":{"start":{"line":118,"column":2},"end":{"line":118,"column":3}},"loc":{"start":{"line":118,"column":66},"end":{"line":129,"column":3}},"line":118},"3":{"name":"(anonymous_3)","decl":{"start":{"line":120,"column":35},"end":{"line":120,"column":36}},"loc":{"start":{"line":120,"column":58},"end":{"line":126,"column":7}},"line":120},"4":{"name":"(anonymous_4)","decl":{"start":{"line":130,"column":2},"end":{"line":130,"column":3}},"loc":{"start":{"line":130,"column":27},"end":{"line":145,"column":3}},"line":130},"5":{"name":"(anonymous_5)","decl":{"start":{"line":147,"column":2},"end":{"line":147,"column":3}},"loc":{"start":{"line":147,"column":27},"end":{"line":162,"column":3}},"line":147},"6":{"name":"(anonymous_6)","decl":{"start":{"line":164,"column":2},"end":{"line":164,"column":3}},"loc":{"start":{"line":164,"column":34},"end":{"line":182,"column":3}},"line":164},"7":{"name":"(anonymous_7)","decl":{"start":{"line":184,"column":2},"end":{"line":184,"column":3}},"loc":{"start":{"line":184,"column":68},"end":{"line":222,"column":3}},"line":184},"8":{"name":"(anonymous_8)","decl":{"start":{"line":224,"column":2},"end":{"line":224,"column":3}},"loc":{"start":{"line":224,"column":35},"end":{"line":240,"column":3}},"line":224},"9":{"name":"(anonymous_9)","decl":{"start":{"line":242,"column":2},"end":{"line":242,"column":3}},"loc":{"start":{"line":242,"column":46},"end":{"line":260,"column":3}},"line":242},"10":{"name":"(anonymous_10)","decl":{"start":{"line":262,"column":2},"end":{"line":262,"column":3}},"loc":{"start":{"line":262,"column":65},"end":{"line":265,"column":3}},"line":262},"11":{"name":"(anonymous_11)","decl":{"start":{"line":267,"column":2},"end":{"line":267,"column":3}},"loc":{"start":{"line":267,"column":21},"end":{"line":269,"column":3}},"line":267},"12":{"name":"(anonymous_12)","decl":{"start":{"line":270,"column":2},"end":{"line":270,"column":3}},"loc":{"start":{"line":270,"column":34},"end":{"line":272,"column":3}},"line":270},"13":{"name":"(anonymous_13)","decl":{"start":{"line":274,"column":2},"end":{"line":274,"column":3}},"loc":{"start":{"line":274,"column":36},"end":{"line":276,"column":3}},"line":274},"14":{"name":"(anonymous_14)","decl":{"start":{"line":278,"column":2},"end":{"line":278,"column":3}},"loc":{"start":{"line":278,"column":23},"end":{"line":280,"column":3}},"line":278},"15":{"name":"(anonymous_15)","decl":{"start":{"line":282,"column":2},"end":{"line":282,"column":3}},"loc":{"start":{"line":282,"column":19},"end":{"line":284,"column":3}},"line":282},"16":{"name":"(anonymous_16)","decl":{"start":{"line":285,"column":2},"end":{"line":285,"column":3}},"loc":{"start":{"line":285,"column":36},"end":{"line":300,"column":3}},"line":285}},"branchMap":{"0":{"loc":{"start":{"line":119,"column":4},"end":{"line":127,"column":5}},"type":"if","locations":[{"start":{"line":119,"column":4},"end":{"line":127,"column":5}},{"start":{"line":119,"column":4},"end":{"line":127,"column":5}}],"line":119},"1":{"loc":{"start":{"line":121,"column":8},"end":{"line":125,"column":9}},"type":"if","locations":[{"start":{"line":121,"column":8},"end":{"line":125,"column":9}},{"start":{"line":121,"column":8},"end":{"line":125,"column":9}}],"line":121},"2":{"loc":{"start":{"line":136,"column":4},"end":{"line":140,"column":5}},"type":"if","locations":[{"start":{"line":136,"column":4},"end":{"line":140,"column":5}},{"start":{"line":136,"column":4},"end":{"line":140,"column":5}}],"line":136},"3":{"loc":{"start":{"line":138,"column":11},"end":{"line":140,"column":5}},"type":"if","locations":[{"start":{"line":138,"column":11},"end":{"line":140,"column":5}},{"start":{"line":138,"column":11},"end":{"line":140,"column":5}}],"line":138},"4":{"loc":{"start":{"line":149,"column":4},"end":{"line":161,"column":5}},"type":"if","locations":[{"start":{"line":149,"column":4},"end":{"line":161,"column":5}},{"start":{"line":149,"column":4},"end":{"line":161,"column":5}}],"line":149},"5":{"loc":{"start":{"line":150,"column":6},"end":{"line":151,"column":76}},"type":"binary-expr","locations":[{"start":{"line":150,"column":6},"end":{"line":150,"column":47}},{"start":{"line":151,"column":6},"end":{"line":151,"column":76}}],"line":150},"6":{"loc":{"start":{"line":155,"column":11},"end":{"line":161,"column":5}},"type":"if","locations":[{"start":{"line":155,"column":11},"end":{"line":161,"column":5}},{"start":{"line":155,"column":11},"end":{"line":161,"column":5}}],"line":155},"7":{"loc":{"start":{"line":156,"column":6},"end":{"line":157,"column":76}},"type":"binary-expr","locations":[{"start":{"line":156,"column":6},"end":{"line":156,"column":48}},{"start":{"line":157,"column":6},"end":{"line":157,"column":76}}],"line":156},"8":{"loc":{"start":{"line":170,"column":4},"end":{"line":181,"column":5}},"type":"if","locations":[{"start":{"line":170,"column":4},"end":{"line":181,"column":5}},{"start":{"line":170,"column":4},"end":{"line":181,"column":5}}],"line":170},"9":{"loc":{"start":{"line":171,"column":6},"end":{"line":177,"column":7}},"type":"if","locations":[{"start":{"line":171,"column":6},"end":{"line":177,"column":7}},{"start":{"line":171,"column":6},"end":{"line":177,"column":7}}],"line":171},"10":{"loc":{"start":{"line":174,"column":13},"end":{"line":177,"column":7}},"type":"if","locations":[{"start":{"line":174,"column":13},"end":{"line":177,"column":7}},{"start":{"line":174,"column":13},"end":{"line":177,"column":7}}],"line":174},"11":{"loc":{"start":{"line":191,"column":4},"end":{"line":197,"column":5}},"type":"if","locations":[{"start":{"line":191,"column":4},"end":{"line":197,"column":5}},{"start":{"line":191,"column":4},"end":{"line":197,"column":5}}],"line":191},"12":{"loc":{"start":{"line":194,"column":11},"end":{"line":197,"column":5}},"type":"if","locations":[{"start":{"line":194,"column":11},"end":{"line":197,"column":5}},{"start":{"line":194,"column":11},"end":{"line":197,"column":5}}],"line":194},"13":{"loc":{"start":{"line":203,"column":4},"end":{"line":206,"column":5}},"type":"if","locations":[{"start":{"line":203,"column":4},"end":{"line":206,"column":5}},{"start":{"line":203,"column":4},"end":{"line":206,"column":5}}],"line":203},"14":{"loc":{"start":{"line":207,"column":4},"end":{"line":221,"column":5}},"type":"if","locations":[{"start":{"line":207,"column":4},"end":{"line":221,"column":5}},{"start":{"line":207,"column":4},"end":{"line":221,"column":5}}],"line":207},"15":{"loc":{"start":{"line":217,"column":6},"end":{"line":220,"column":7}},"type":"if","locations":[{"start":{"line":217,"column":6},"end":{"line":220,"column":7}},{"start":{"line":217,"column":6},"end":{"line":220,"column":7}}],"line":217},"16":{"loc":{"start":{"line":226,"column":4},"end":{"line":230,"column":5}},"type":"if","locations":[{"start":{"line":226,"column":4},"end":{"line":230,"column":5}},{"start":{"line":226,"column":4},"end":{"line":230,"column":5}}],"line":226},"17":{"loc":{"start":{"line":228,"column":11},"end":{"line":230,"column":5}},"type":"if","locations":[{"start":{"line":228,"column":11},"end":{"line":230,"column":5}},{"start":{"line":228,"column":11},"end":{"line":230,"column":5}}],"line":228},"18":{"loc":{"start":{"line":244,"column":4},"end":{"line":249,"column":5}},"type":"if","locations":[{"start":{"line":244,"column":4},"end":{"line":249,"column":5}},{"start":{"line":244,"column":4},"end":{"line":249,"column":5}}],"line":244},"19":{"loc":{"start":{"line":255,"column":4},"end":{"line":258,"column":5}},"type":"if","locations":[{"start":{"line":255,"column":4},"end":{"line":258,"column":5}},{"start":{"line":255,"column":4},"end":{"line":258,"column":5}}],"line":255}},"s":{"0":14,"1":14,"2":17,"3":17,"4":17,"5":17,"6":17,"7":17,"8":17,"9":21,"10":18,"11":0,"12":0,"13":0,"14":21,"15":25,"16":25,"17":25,"18":25,"19":25,"20":0,"21":0,"22":25,"23":25,"24":25,"25":0,"26":25,"27":17,"28":12,"29":12,"30":12,"31":12,"32":12,"33":11,"34":1,"35":1,"36":10,"37":2,"38":2,"39":11,"40":1,"41":42,"42":42,"43":42,"44":42,"45":42,"46":42,"47":0,"48":0,"49":42,"50":42,"51":42,"52":42,"53":42,"54":252,"55":42,"56":0,"57":0,"58":42,"59":0,"60":0,"61":0,"62":0,"63":0,"64":0,"65":0,"66":14,"67":14,"68":0,"69":0,"70":14,"71":14,"72":12,"73":1,"74":11,"75":12,"76":12,"77":12,"78":12,"79":12,"80":11,"81":11,"82":1,"83":4,"84":4,"85":1,"86":5,"87":0,"88":1,"89":1,"90":0,"91":0,"92":0,"93":0,"94":0,"95":0,"96":0},"f":{"0":14,"1":17,"2":21,"3":0,"4":25,"5":25,"6":12,"7":42,"8":14,"9":12,"10":4,"11":1,"12":5,"13":0,"14":1,"15":1,"16":0},"b":{"0":[18,3],"1":[0,0],"2":[25,0],"3":[0,0],"4":[0,25],"5":[25,0],"6":[17,8],"7":[25,25],"8":[11,1],"9":[1,10],"10":[2,8],"11":[0,42],"12":[42,0],"13":[0,42],"14":[0,42],"15":[0,0],"16":[14,0],"17":[0,0],"18":[1,11],"19":[11,1]},"_coverageSchema":"1a1c01bbd47fc00a2c39e90264f33305004495a9","hash":"47441aeaf39272d322f704efe6ddbb950f4a871b"}
}
