TN:
SF:ts-src\eventemitter.ts
FN:11,(anonymous_0)
FN:19,(anonymous_1)
FN:33,(anonymous_2)
FN:39,(anonymous_3)
FNF:4
FNH:1
FNDA:0,(anonymous_0)
FNDA:0,(anonymous_1)
FNDA:11,(anonymous_2)
FNDA:0,(anonymous_3)
DA:12,0
DA:13,0
DA:14,0
DA:16,0
DA:20,0
DA:21,0
DA:22,0
DA:23,0
DA:24,0
DA:35,11
DA:36,11
DA:39,0
DA:40,0
DA:42,0
DA:43,0
DA:45,0
LF:16
LH:2
BRDA:12,0,0,0
BRDA:12,0,1,0
BRDA:13,1,0,0
BRDA:13,1,1,0
BRDA:20,2,0,0
BRDA:20,2,1,0
BRDA:21,3,0,0
BRDA:21,3,1,0
BRDA:23,4,0,0
BRDA:23,4,1,0
BRDA:35,5,0,11
BRDA:35,5,1,0
BRDA:35,6,0,11
BRDA:35,6,1,0
BRF:14
BRH:2
end_of_record
TN:
SF:ts-src\model.ts
FN:3,divisionFloor
FN:112,(anonymous_1)
FN:118,(anonymous_2)
FN:120,(anonymous_3)
FN:130,(anonymous_4)
FN:147,(anonymous_5)
FN:164,(anonymous_6)
FN:184,(anonymous_7)
FN:224,(anonymous_8)
FN:242,(anonymous_9)
FN:262,(anonymous_10)
FN:267,(anonymous_11)
FN:270,(anonymous_12)
FN:274,(anonymous_13)
FN:278,(anonymous_14)
FN:282,(anonymous_15)
FN:285,(anonymous_16)
FNF:17
FNH:14
FNDA:14,divisionFloor
FNDA:17,(anonymous_1)
FNDA:21,(anonymous_2)
FNDA:0,(anonymous_3)
FNDA:25,(anonymous_4)
FNDA:25,(anonymous_5)
FNDA:12,(anonymous_6)
FNDA:42,(anonymous_7)
FNDA:14,(anonymous_8)
FNDA:12,(anonymous_9)
FNDA:4,(anonymous_10)
FNDA:1,(anonymous_11)
FNDA:5,(anonymous_12)
FNDA:0,(anonymous_13)
FNDA:1,(anonymous_14)
FNDA:1,(anonymous_15)
FNDA:0,(anonymous_16)
DA:4,14
DA:5,14
DA:64,17
DA:70,17
DA:71,17
DA:82,17
DA:113,17
DA:114,17
DA:115,17
DA:119,21
DA:120,18
DA:121,0
DA:122,0
DA:124,0
DA:128,21
DA:131,25
DA:132,25
DA:134,25
DA:136,25
DA:137,25
DA:138,0
DA:139,0
DA:141,25
DA:144,25
DA:149,25
DA:153,0
DA:155,25
DA:159,17
DA:166,12
DA:167,12
DA:168,12
DA:169,12
DA:170,12
DA:171,11
DA:172,1
DA:173,1
DA:174,10
DA:175,2
DA:176,2
DA:178,11
DA:180,1
DA:185,42
DA:186,42
DA:187,42
DA:188,42
DA:189,42
DA:191,42
DA:192,0
DA:193,0
DA:194,42
DA:195,42
DA:196,42
DA:198,42
DA:199,42
DA:200,252
DA:203,42
DA:204,0
DA:205,0
DA:207,42
DA:208,0
DA:210,0
DA:213,0
DA:215,0
DA:217,0
DA:218,0
DA:219,0
DA:226,14
DA:227,14
DA:228,0
DA:229,0
DA:232,14
DA:236,14
DA:244,12
DA:245,1
DA:247,11
DA:251,12
DA:252,12
DA:253,12
DA:254,12
DA:255,12
DA:256,11
DA:257,11
DA:259,1
DA:263,4
DA:264,4
DA:268,1
DA:271,5
DA:275,0
DA:279,1
DA:283,1
DA:286,0
DA:288,0
DA:290,0
DA:291,0
DA:293,0
DA:294,0
DA:296,0
LF:97
LH:70
BRDA:119,0,0,18
BRDA:119,0,1,3
BRDA:121,1,0,0
BRDA:121,1,1,0
BRDA:136,2,0,25
BRDA:136,2,1,0
BRDA:138,3,0,0
BRDA:138,3,1,0
BRDA:149,4,0,0
BRDA:149,4,1,25
BRDA:150,5,0,25
BRDA:150,5,1,0
BRDA:155,6,0,17
BRDA:155,6,1,8
BRDA:156,7,0,25
BRDA:156,7,1,25
BRDA:170,8,0,11
BRDA:170,8,1,1
BRDA:171,9,0,1
BRDA:171,9,1,10
BRDA:174,10,0,2
BRDA:174,10,1,8
BRDA:191,11,0,0
BRDA:191,11,1,42
BRDA:194,12,0,42
BRDA:194,12,1,0
BRDA:203,13,0,0
BRDA:203,13,1,42
BRDA:207,14,0,0
BRDA:207,14,1,42
BRDA:217,15,0,0
BRDA:217,15,1,0
BRDA:226,16,0,14
BRDA:226,16,1,0
BRDA:228,17,0,0
BRDA:228,17,1,0
BRDA:244,18,0,1
BRDA:244,18,1,11
BRDA:255,19,0,11
BRDA:255,19,1,1
BRF:40
BRH:24
end_of_record
