TN:
SF:ts-src\eventemitter.ts
FN:11,(anonymous_0)
FN:19,(anonymous_1)
FN:33,(anonymous_2)
FN:39,(anonymous_3)
FNF:4
FNH:0
FNDA:0,(anonymous_0)
FNDA:0,(anonymous_1)
FNDA:0,(anonymous_2)
FNDA:0,(anonymous_3)
DA:12,0
DA:13,0
DA:14,0
DA:16,0
DA:20,0
DA:21,0
DA:22,0
DA:23,0
DA:24,0
DA:35,0
DA:36,0
DA:39,0
DA:40,0
DA:42,0
DA:43,0
DA:45,0
LF:16
LH:0
BRDA:12,0,0,0
BRDA:12,0,1,0
BRDA:13,1,0,0
BRDA:13,1,1,0
BRDA:20,2,0,0
BRDA:20,2,1,0
BRDA:21,3,0,0
BRDA:21,3,1,0
BRDA:23,4,0,0
BRDA:23,4,1,0
BRDA:35,5,0,0
BRDA:35,5,1,0
BRDA:35,6,0,0
BRDA:35,6,1,0
BRF:14
BRH:0
end_of_record
TN:
SF:ts-src\model.ts
FN:3,divisionFloor
FN:115,(anonymous_1)
FN:121,(anonymous_2)
FN:123,(anonymous_3)
FN:132,(anonymous_4)
FN:151,(anonymous_5)
FN:168,(anonymous_6)
FN:188,(anonymous_7)
FN:228,(anonymous_8)
FN:244,(anonymous_9)
FN:264,(anonymous_10)
FN:269,(anonymous_11)
FN:272,(anonymous_12)
FN:276,(anonymous_13)
FN:280,(anonymous_14)
FN:284,(anonymous_15)
FN:287,(anonymous_16)
FNF:17
FNH:2
FNDA:0,divisionFloor
FNDA:1,(anonymous_1)
FNDA:1,(anonymous_2)
FNDA:0,(anonymous_3)
FNDA:0,(anonymous_4)
FNDA:0,(anonymous_5)
FNDA:0,(anonymous_6)
FNDA:0,(anonymous_7)
FNDA:0,(anonymous_8)
FNDA:0,(anonymous_9)
FNDA:0,(anonymous_10)
FNDA:0,(anonymous_11)
FNDA:0,(anonymous_12)
FNDA:0,(anonymous_13)
FNDA:0,(anonymous_14)
FNDA:0,(anonymous_15)
FNDA:0,(anonymous_16)
DA:4,0
DA:5,0
DA:64,1
DA:70,1
DA:71,1
DA:82,1
DA:116,1
DA:117,1
DA:118,1
DA:122,1
DA:123,1
DA:124,0
DA:125,0
DA:127,0
DA:133,0
DA:134,0
DA:136,0
DA:138,0
DA:139,0
DA:140,0
DA:142,0
DA:143,0
DA:145,0
DA:148,0
DA:153,0
DA:157,0
DA:159,0
DA:163,0
DA:170,0
DA:171,0
DA:172,0
DA:173,0
DA:174,0
DA:175,0
DA:176,0
DA:177,0
DA:178,0
DA:179,0
DA:180,0
DA:182,0
DA:184,0
DA:189,0
DA:190,0
DA:191,0
DA:192,0
DA:193,0
DA:195,0
DA:196,0
DA:197,0
DA:198,0
DA:199,0
DA:200,0
DA:202,0
DA:203,0
DA:204,0
DA:207,0
DA:208,0
DA:209,0
DA:211,0
DA:212,0
DA:214,0
DA:217,0
DA:219,0
DA:221,0
DA:222,0
DA:223,0
DA:230,0
DA:231,0
DA:232,0
DA:233,0
DA:236,0
DA:238,0
DA:246,0
DA:247,0
DA:249,0
DA:253,0
DA:254,0
DA:255,0
DA:256,0
DA:257,0
DA:258,0
DA:259,0
DA:261,0
DA:265,0
DA:266,0
DA:270,0
DA:273,0
DA:277,0
DA:281,0
DA:285,0
DA:288,0
DA:290,0
DA:292,0
DA:293,0
DA:295,0
DA:296,0
DA:298,0
LF:97
LH:9
BRDA:122,0,0,1
BRDA:122,0,1,0
BRDA:124,1,0,0
BRDA:124,1,1,0
BRDA:138,2,0,0
BRDA:138,2,1,0
BRDA:139,3,0,0
BRDA:139,3,1,0
BRDA:142,4,0,0
BRDA:142,4,1,0
BRDA:153,5,0,0
BRDA:153,5,1,0
BRDA:154,6,0,0
BRDA:154,6,1,0
BRDA:159,7,0,0
BRDA:159,7,1,0
BRDA:160,8,0,0
BRDA:160,8,1,0
BRDA:174,9,0,0
BRDA:174,9,1,0
BRDA:175,10,0,0
BRDA:175,10,1,0
BRDA:178,11,0,0
BRDA:178,11,1,0
BRDA:195,12,0,0
BRDA:195,12,1,0
BRDA:198,13,0,0
BRDA:198,13,1,0
BRDA:207,14,0,0
BRDA:207,14,1,0
BRDA:211,15,0,0
BRDA:211,15,1,0
BRDA:221,16,0,0
BRDA:221,16,1,0
BRDA:230,17,0,0
BRDA:230,17,1,0
BRDA:232,18,0,0
BRDA:232,18,1,0
BRDA:246,19,0,0
BRDA:246,19,1,0
BRDA:257,20,0,0
BRDA:257,20,1,0
BRF:42
BRH:1
end_of_record
